<?xml version="1.0" encoding="UTF-8"?>
<TestRun id="efa71977-76d6-48d8-a419-8babec64d8e1" name="Matthew@MATTHEW-PC 2011-02-12 15:00:25" runUser="Matthew-PC\Matthew" xmlns="http://microsoft.com/schemas/VisualStudio/TeamTest/2010">
  <TestSettings name="Local Test Run" id="6d34a913-6ccc-4024-a704-366400d58fc2">
    <Description>This is a default test run configuration for a local test run.</Description>
    <Deployment runDeploymentRoot="Matthew_MATTHEW-PC 2011-02-12 15_00_25">
      <DeploymentItem filename="C:\codeplex\Munq\FluentTest\Munq.FluentTest2010\Munq.FluentTest\bin\Debug\Munq.FluentTest.dll" />
    </Deployment>
    <Execution>
      <TestTypeSpecific />
      <AgentRule name="Execution Agents">
      </AgentRule>
    </Execution>
  </TestSettings>
  <Times creation="2011-02-12T15:00:25.0828827-05:00" queuing="2011-02-12T15:00:29.4431321-05:00" start="2011-02-12T15:00:29.7661505-05:00" finish="2011-02-12T15:01:07.8433284-05:00" />
  <ResultSummary outcome="Failed">
    <Counters total="116" executed="116" passed="115" error="0" failed="1" timeout="0" aborted="0" inconclusive="0" passedButRunAborted="0" notRunnable="0" notExecuted="0" disconnected="0" warning="0" completed="0" inProgress="0" pending="0" />
  </ResultSummary>
  <TestDefinitions>
    <UnitTest name="IsTheSameObjectFailsForNonNullTestAndNullCompareObjects" storage="c:\codeplex\munq\fluenttest\munq.fluenttest2010\munq.fluenttest.unittests\bin\debug\munq.fluenttest.unittests.dll" id="47d5e35a-02b4-512a-4b28-8bdb730ec666">
      <Execution id="b836415d-ea3c-44c9-8e9f-989c8eda176a" />
      <TestMethod codeBase="C:/codeplex/Munq/FluentTest/Munq.FluentTest2010/Munq.FluentTest.UnitTests/bin/Debug/Munq.FluentTest.UnitTests.DLL" adapterTypeName="Microsoft.VisualStudio.TestTools.TestTypes.Unit.UnitTestAdapter, Microsoft.VisualStudio.QualityTools.Tips.UnitTest.Adapter, Version=10.0.0.0, Culture=neutral, PublicKeyToken=b03f5f7f11d50a3a" className="Munq.FluentTest.UnitTests.IFluentTestObjectIsSameAsTest, Munq.FluentTest.UnitTests, Version=1.0.0.0, Culture=neutral, PublicKeyToken=null" name="IsTheSameObjectFailsForNonNullTestAndNullCompareObjects" />
    </UnitTest>
    <UnitTest name="IsNullFailsForNonNullObject" storage="c:\codeplex\munq\fluenttest\munq.fluenttest2010\munq.fluenttest.unittests\bin\debug\munq.fluenttest.unittests.dll" id="bc63fd6f-4eb8-b691-cbd2-d08e26cc06b9">
      <Execution id="082ec51d-7cda-4629-942c-98605974e787" />
      <TestMethod codeBase="C:/codeplex/Munq/FluentTest/Munq.FluentTest2010/Munq.FluentTest.UnitTests/bin/Debug/Munq.FluentTest.UnitTests.DLL" adapterTypeName="Microsoft.VisualStudio.TestTools.TestTypes.Unit.UnitTestAdapter, Microsoft.VisualStudio.QualityTools.Tips.UnitTest.Adapter, Version=10.0.0.0, Culture=neutral, PublicKeyToken=b03f5f7f11d50a3a" className="Munq.FluentTest.UnitTests.IFluentTestCommonTest, Munq.FluentTest.UnitTests, Version=1.0.0.0, Culture=neutral, PublicKeyToken=null" name="IsNullFailsForNonNullObject" />
    </UnitTest>
    <UnitTest name="IsTheSameObjectPassesForNullTestAndCompareObjects" storage="c:\codeplex\munq\fluenttest\munq.fluenttest2010\munq.fluenttest.unittests\bin\debug\munq.fluenttest.unittests.dll" id="0259f3a3-7a57-38b4-ff7d-81d9b3b3bfcd">
      <Execution id="888044db-8cc8-4126-a267-328b04907697" />
      <TestMethod codeBase="C:/codeplex/Munq/FluentTest/Munq.FluentTest2010/Munq.FluentTest.UnitTests/bin/Debug/Munq.FluentTest.UnitTests.DLL" adapterTypeName="Microsoft.VisualStudio.TestTools.TestTypes.Unit.UnitTestAdapter, Microsoft.VisualStudio.QualityTools.Tips.UnitTest.Adapter, Version=10.0.0.0, Culture=neutral, PublicKeyToken=b03f5f7f11d50a3a" className="Munq.FluentTest.UnitTests.IFluentTestObjectIsSameAsTest, Munq.FluentTest.UnitTests, Version=1.0.0.0, Culture=neutral, PublicKeyToken=null" name="IsTheSameObjectPassesForNullTestAndCompareObjects" />
    </UnitTest>
    <UnitTest name="IsNotTheSameObjectPassesForNonNullTestAndNullCompareObjects" storage="c:\codeplex\munq\fluenttest\munq.fluenttest2010\munq.fluenttest.unittests\bin\debug\munq.fluenttest.unittests.dll" id="61c742e5-4374-3734-3185-d28c3ec066ea">
      <Execution id="bd9ca825-9f31-4525-a810-e6e2a8e1de48" />
      <TestMethod codeBase="C:/codeplex/Munq/FluentTest/Munq.FluentTest2010/Munq.FluentTest.UnitTests/bin/Debug/Munq.FluentTest.UnitTests.DLL" adapterTypeName="Microsoft.VisualStudio.TestTools.TestTypes.Unit.UnitTestAdapter, Microsoft.VisualStudio.QualityTools.Tips.UnitTest.Adapter, Version=10.0.0.0, Culture=neutral, PublicKeyToken=b03f5f7f11d50a3a" className="Munq.FluentTest.UnitTests.IFluentTestObjectIsSameAsTest, Munq.FluentTest.UnitTests, Version=1.0.0.0, Culture=neutral, PublicKeyToken=null" name="IsNotTheSameObjectPassesForNonNullTestAndNullCompareObjects" />
    </UnitTest>
    <UnitTest name="IsTheSameObjectFailsForNullTestAndNonNullCompareObjects" storage="c:\codeplex\munq\fluenttest\munq.fluenttest2010\munq.fluenttest.unittests\bin\debug\munq.fluenttest.unittests.dll" id="80823a72-cb3f-896a-4440-dd0d1649bfdb">
      <Execution id="870eb90c-b445-4aa1-945b-b71669e30edb" />
      <TestMethod codeBase="C:/codeplex/Munq/FluentTest/Munq.FluentTest2010/Munq.FluentTest.UnitTests/bin/Debug/Munq.FluentTest.UnitTests.DLL" adapterTypeName="Microsoft.VisualStudio.TestTools.TestTypes.Unit.UnitTestAdapter, Microsoft.VisualStudio.QualityTools.Tips.UnitTest.Adapter, Version=10.0.0.0, Culture=neutral, PublicKeyToken=b03f5f7f11d50a3a" className="Munq.FluentTest.UnitTests.IFluentTestObjectIsSameAsTest, Munq.FluentTest.UnitTests, Version=1.0.0.0, Culture=neutral, PublicKeyToken=null" name="IsTheSameObjectFailsForNullTestAndNonNullCompareObjects" />
    </UnitTest>
    <UnitTest name="StringIsEqualToFailsIfStringToCompareIsNull" storage="c:\codeplex\munq\fluenttest\munq.fluenttest2010\munq.fluenttest.unittests\bin\debug\munq.fluenttest.unittests.dll" id="58ea9c4f-8436-a256-f611-66eea71beb13">
      <Execution id="36f1f972-be68-45aa-87bc-905c10a4f58c" />
      <TestMethod codeBase="C:/codeplex/Munq/FluentTest/Munq.FluentTest2010/Munq.FluentTest.UnitTests/bin/Debug/Munq.FluentTest.UnitTests.DLL" adapterTypeName="Microsoft.VisualStudio.TestTools.TestTypes.Unit.UnitTestAdapter, Microsoft.VisualStudio.QualityTools.Tips.UnitTest.Adapter, Version=10.0.0.0, Culture=neutral, PublicKeyToken=b03f5f7f11d50a3a" className="Munq.FluentTest.UnitTests.IFluentTestStringIsEqualToTest, Munq.FluentTest.UnitTests, Version=1.0.0.0, Culture=neutral, PublicKeyToken=null" name="StringIsEqualToFailsIfStringToCompareIsNull" />
    </UnitTest>
    <UnitTest name="IsNotTheSameObjectPassesForNullTestAndCompareObjects" storage="c:\codeplex\munq\fluenttest\munq.fluenttest2010\munq.fluenttest.unittests\bin\debug\munq.fluenttest.unittests.dll" id="aed3d282-683d-7540-9df1-7cddb79743f3">
      <Execution id="15cd17d1-50a4-439d-9ebf-adc8b2629e3d" />
      <TestMethod codeBase="C:/codeplex/Munq/FluentTest/Munq.FluentTest2010/Munq.FluentTest.UnitTests/bin/Debug/Munq.FluentTest.UnitTests.DLL" adapterTypeName="Microsoft.VisualStudio.TestTools.TestTypes.Unit.UnitTestAdapter, Microsoft.VisualStudio.QualityTools.Tips.UnitTest.Adapter, Version=10.0.0.0, Culture=neutral, PublicKeyToken=b03f5f7f11d50a3a" className="Munq.FluentTest.UnitTests.IFluentTestObjectIsSameAsTest, Munq.FluentTest.UnitTests, Version=1.0.0.0, Culture=neutral, PublicKeyToken=null" name="IsNotTheSameObjectPassesForNullTestAndCompareObjects" />
    </UnitTest>
    <UnitTest name="IsFalsePassesForFalse" storage="c:\codeplex\munq\fluenttest\munq.fluenttest2010\munq.fluenttest.unittests\bin\debug\munq.fluenttest.unittests.dll" id="94f34045-59d8-cc46-72c1-97dfc5551e87">
      <Execution id="f3111342-9537-4d39-8dc2-e72fabd26643" />
      <TestMethod codeBase="C:/codeplex/Munq/FluentTest/Munq.FluentTest2010/Munq.FluentTest.UnitTests/bin/Debug/Munq.FluentTest.UnitTests.DLL" adapterTypeName="Microsoft.VisualStudio.TestTools.TestTypes.Unit.UnitTestAdapter, Microsoft.VisualStudio.QualityTools.Tips.UnitTest.Adapter, Version=10.0.0.0, Culture=neutral, PublicKeyToken=b03f5f7f11d50a3a" className="Munq.FluentTest.UnitTests.IFluentTestObjectIsTrueOrFalseTest, Munq.FluentTest.UnitTests, Version=1.0.0.0, Culture=neutral, PublicKeyToken=null" name="IsFalsePassesForFalse" />
    </UnitTest>
    <UnitTest name="IsNotTheSameObjectFailsForSameNonNullTestAndCompareObjects" storage="c:\codeplex\munq\fluenttest\munq.fluenttest2010\munq.fluenttest.unittests\bin\debug\munq.fluenttest.unittests.dll" id="e96b542b-57bd-cdc2-c019-8042dad617ff">
      <Execution id="670d89c3-c83b-4f4e-a517-0e46b69562cd" />
      <TestMethod codeBase="C:/codeplex/Munq/FluentTest/Munq.FluentTest2010/Munq.FluentTest.UnitTests/bin/Debug/Munq.FluentTest.UnitTests.DLL" adapterTypeName="Microsoft.VisualStudio.TestTools.TestTypes.Unit.UnitTestAdapter, Microsoft.VisualStudio.QualityTools.Tips.UnitTest.Adapter, Version=10.0.0.0, Culture=neutral, PublicKeyToken=b03f5f7f11d50a3a" className="Munq.FluentTest.UnitTests.IFluentTestObjectIsSameAsTest, Munq.FluentTest.UnitTests, Version=1.0.0.0, Culture=neutral, PublicKeyToken=null" name="IsNotTheSameObjectFailsForSameNonNullTestAndCompareObjects" />
    </UnitTest>
    <UnitTest name="MatchesFailsForNonMatchingRegEx" storage="c:\codeplex\munq\fluenttest\munq.fluenttest2010\munq.fluenttest.unittests\bin\debug\munq.fluenttest.unittests.dll" id="7bf2d5f4-cc98-0008-8cf9-0b9d9ea5a3e9">
      <Execution id="cb8df0ec-1ff6-46c1-97cc-4b5ac906f797" />
      <TestMethod codeBase="C:/codeplex/Munq/FluentTest/Munq.FluentTest2010/Munq.FluentTest.UnitTests/bin/Debug/Munq.FluentTest.UnitTests.DLL" adapterTypeName="Microsoft.VisualStudio.TestTools.TestTypes.Unit.UnitTestAdapter, Microsoft.VisualStudio.QualityTools.Tips.UnitTest.Adapter, Version=10.0.0.0, Culture=neutral, PublicKeyToken=b03f5f7f11d50a3a" className="Munq.FluentTest.UnitTests.IFluentTestStringMatchesTest, Munq.FluentTest.UnitTests, Version=1.0.0.0, Culture=neutral, PublicKeyToken=null" name="MatchesFailsForNonMatchingRegEx" />
    </UnitTest>
    <UnitTest name="StringIsEqualToFailsIfStringToCompareIsEmpty" storage="c:\codeplex\munq\fluenttest\munq.fluenttest2010\munq.fluenttest.unittests\bin\debug\munq.fluenttest.unittests.dll" id="6c0716d4-1a51-c796-f203-416a800f110a">
      <Execution id="64e654ab-c8ee-4ce2-8c31-4b7812b12728" />
      <TestMethod codeBase="C:/codeplex/Munq/FluentTest/Munq.FluentTest2010/Munq.FluentTest.UnitTests/bin/Debug/Munq.FluentTest.UnitTests.DLL" adapterTypeName="Microsoft.VisualStudio.TestTools.TestTypes.Unit.UnitTestAdapter, Microsoft.VisualStudio.QualityTools.Tips.UnitTest.Adapter, Version=10.0.0.0, Culture=neutral, PublicKeyToken=b03f5f7f11d50a3a" className="Munq.FluentTest.UnitTests.IFluentTestStringIsEqualToTest, Munq.FluentTest.UnitTests, Version=1.0.0.0, Culture=neutral, PublicKeyToken=null" name="StringIsEqualToFailsIfStringToCompareIsEmpty" />
    </UnitTest>
    <UnitTest name="StringIsNotEqualToFailsIfDoesIsEqualTotring" storage="c:\codeplex\munq\fluenttest\munq.fluenttest2010\munq.fluenttest.unittests\bin\debug\munq.fluenttest.unittests.dll" id="fc8de784-e2f9-ece1-ef5a-5655411d1e23">
      <Execution id="b7615395-b815-4272-8123-fee4b32df75a" />
      <TestMethod codeBase="C:/codeplex/Munq/FluentTest/Munq.FluentTest2010/Munq.FluentTest.UnitTests/bin/Debug/Munq.FluentTest.UnitTests.DLL" adapterTypeName="Microsoft.VisualStudio.TestTools.TestTypes.Unit.UnitTestAdapter, Microsoft.VisualStudio.QualityTools.Tips.UnitTest.Adapter, Version=10.0.0.0, Culture=neutral, PublicKeyToken=b03f5f7f11d50a3a" className="Munq.FluentTest.UnitTests.IFluentTestStringIsEqualToTest, Munq.FluentTest.UnitTests, Version=1.0.0.0, Culture=neutral, PublicKeyToken=null" name="StringIsNotEqualToFailsIfDoesIsEqualTotring" />
    </UnitTest>
    <UnitTest name="IsNotEqualPFailsForNullTestAndCompareObjects" storage="c:\codeplex\munq\fluenttest\munq.fluenttest2010\munq.fluenttest.unittests\bin\debug\munq.fluenttest.unittests.dll" id="266ff85a-1406-420b-75d7-66aa93e93681">
      <Execution id="1410691b-1e11-44f1-969a-00c92a52d2fb" />
      <TestMethod codeBase="C:/codeplex/Munq/FluentTest/Munq.FluentTest2010/Munq.FluentTest.UnitTests/bin/Debug/Munq.FluentTest.UnitTests.DLL" adapterTypeName="Microsoft.VisualStudio.TestTools.TestTypes.Unit.UnitTestAdapter, Microsoft.VisualStudio.QualityTools.Tips.UnitTest.Adapter, Version=10.0.0.0, Culture=neutral, PublicKeyToken=b03f5f7f11d50a3a" className="Munq.FluentTest.UnitTests.IFluentTestObjectIsEqualTest, Munq.FluentTest.UnitTests, Version=1.0.0.0, Culture=neutral, PublicKeyToken=null" name="IsNotEqualPFailsForNullTestAndCompareObjects" />
    </UnitTest>
    <UnitTest name="AllItemsNotNullFailsIfAnyItemIsNull" storage="c:\codeplex\munq\fluenttest\munq.fluenttest2010\munq.fluenttest.unittests\bin\debug\munq.fluenttest.unittests.dll" id="e9c2e5dd-215c-edaf-9834-158d6b261ebf">
      <Execution id="e8d44f58-5ffe-4a4f-a67e-99557b74331a" />
      <TestMethod codeBase="C:/codeplex/Munq/FluentTest/Munq.FluentTest2010/Munq.FluentTest.UnitTests/bin/Debug/Munq.FluentTest.UnitTests.DLL" adapterTypeName="Microsoft.VisualStudio.TestTools.TestTypes.Unit.UnitTestAdapter, Microsoft.VisualStudio.QualityTools.Tips.UnitTest.Adapter, Version=10.0.0.0, Culture=neutral, PublicKeyToken=b03f5f7f11d50a3a" className="Munq.FluentTest.UnitTests.IFluentTestCollectionAllItemsNotNullTest, Munq.FluentTest.UnitTests, Version=1.0.0.0, Culture=neutral, PublicKeyToken=null" name="AllItemsNotNullFailsIfAnyItemIsNull" />
    </UnitTest>
    <UnitTest name="IsNotAnInstanceOfTypePassesIfIsNotAnInstanceOf" storage="c:\codeplex\munq\fluenttest\munq.fluenttest2010\munq.fluenttest.unittests\bin\debug\munq.fluenttest.unittests.dll" id="78646dcc-2fe3-e0f5-4f0f-c69719fa53e5">
      <Execution id="988e313a-0139-490f-956b-cdacb10c7ae5" />
      <TestMethod codeBase="C:/codeplex/Munq/FluentTest/Munq.FluentTest2010/Munq.FluentTest.UnitTests/bin/Debug/Munq.FluentTest.UnitTests.DLL" adapterTypeName="Microsoft.VisualStudio.TestTools.TestTypes.Unit.UnitTestAdapter, Microsoft.VisualStudio.QualityTools.Tips.UnitTest.Adapter, Version=10.0.0.0, Culture=neutral, PublicKeyToken=b03f5f7f11d50a3a" className="Munq.FluentTest.UnitTests.IFluentTestCollectionIsAnInstanceOfTypeTest, Munq.FluentTest.UnitTests, Version=1.0.0.0, Culture=neutral, PublicKeyToken=null" name="IsNotAnInstanceOfTypePassesIfIsNotAnInstanceOf" />
    </UnitTest>
    <UnitTest name="IsNotEqualToFailsIfCollectionToCompareIsNull" storage="c:\codeplex\munq\fluenttest\munq.fluenttest2010\munq.fluenttest.unittests\bin\debug\munq.fluenttest.unittests.dll" id="c030c84a-4186-0341-a56d-f1e475136445">
      <Execution id="4c076090-83de-4001-9f46-0ee7eb3fbf13" />
      <TestMethod codeBase="C:/codeplex/Munq/FluentTest/Munq.FluentTest2010/Munq.FluentTest.UnitTests/bin/Debug/Munq.FluentTest.UnitTests.DLL" adapterTypeName="Microsoft.VisualStudio.TestTools.TestTypes.Unit.UnitTestAdapter, Microsoft.VisualStudio.QualityTools.Tips.UnitTest.Adapter, Version=10.0.0.0, Culture=neutral, PublicKeyToken=b03f5f7f11d50a3a" className="Munq.FluentTest.UnitTests.IFluentTestCollectionIsEqualToTest, Munq.FluentTest.UnitTests, Version=1.0.0.0, Culture=neutral, PublicKeyToken=null" name="IsNotEqualToFailsIfCollectionToCompareIsNull" />
    </UnitTest>
    <UnitTest name="IsAStringFailsForNull" storage="c:\codeplex\munq\fluenttest\munq.fluenttest2010\munq.fluenttest.unittests\bin\debug\munq.fluenttest.unittests.dll" id="b3f389ae-9508-6883-4c4c-0ad45b9c928d">
      <Execution id="63341da6-3834-4d61-b45f-44782899f48f" />
      <TestMethod codeBase="C:/codeplex/Munq/FluentTest/Munq.FluentTest2010/Munq.FluentTest.UnitTests/bin/Debug/Munq.FluentTest.UnitTests.DLL" adapterTypeName="Microsoft.VisualStudio.TestTools.TestTypes.Unit.UnitTestAdapter, Microsoft.VisualStudio.QualityTools.Tips.UnitTest.Adapter, Version=10.0.0.0, Culture=neutral, PublicKeyToken=b03f5f7f11d50a3a" className="Munq.FluentTest.UnitTests.IFluentTestObjectIsStringOrCollectionTest, Munq.FluentTest.UnitTests, Version=1.0.0.0, Culture=neutral, PublicKeyToken=null" name="IsAStringFailsForNull" />
    </UnitTest>
    <UnitTest name="IsAnInstanceOfTypeFailsForDifferentType" storage="c:\codeplex\munq\fluenttest\munq.fluenttest2010\munq.fluenttest.unittests\bin\debug\munq.fluenttest.unittests.dll" id="971d38c2-8a7d-518d-3cb3-e78b37dee55b">
      <Execution id="f5f0cc2e-d0df-4864-8fc2-0d6e2aa0055c" />
      <TestMethod codeBase="C:/codeplex/Munq/FluentTest/Munq.FluentTest2010/Munq.FluentTest.UnitTests/bin/Debug/Munq.FluentTest.UnitTests.DLL" adapterTypeName="Microsoft.VisualStudio.TestTools.TestTypes.Unit.UnitTestAdapter, Microsoft.VisualStudio.QualityTools.Tips.UnitTest.Adapter, Version=10.0.0.0, Culture=neutral, PublicKeyToken=b03f5f7f11d50a3a" className="Munq.FluentTest.UnitTests.IFluentTestObjectIsInstanceOfTest, Munq.FluentTest.UnitTests, Version=1.0.0.0, Culture=neutral, PublicKeyToken=null" name="IsAnInstanceOfTypeFailsForDifferentType" />
    </UnitTest>
    <UnitTest name="StringEndsWithFailsIfDifferentString" storage="c:\codeplex\munq\fluenttest\munq.fluenttest2010\munq.fluenttest.unittests\bin\debug\munq.fluenttest.unittests.dll" id="198ae1fe-547f-0089-0f59-5a8860b540b3">
      <Execution id="de5fe3fe-b08f-4f39-a80f-f010701ee731" />
      <TestMethod codeBase="C:/codeplex/Munq/FluentTest/Munq.FluentTest2010/Munq.FluentTest.UnitTests/bin/Debug/Munq.FluentTest.UnitTests.DLL" adapterTypeName="Microsoft.VisualStudio.TestTools.TestTypes.Unit.UnitTestAdapter, Microsoft.VisualStudio.QualityTools.Tips.UnitTest.Adapter, Version=10.0.0.0, Culture=neutral, PublicKeyToken=b03f5f7f11d50a3a" className="Munq.FluentTest.UnitTests.IFluentTestStringEndsWithTest, Munq.FluentTest.UnitTests, Version=1.0.0.0, Culture=neutral, PublicKeyToken=null" name="StringEndsWithFailsIfDifferentString" />
    </UnitTest>
    <UnitTest name="StringIsEmptyPassesIfStringIsEmpty" storage="c:\codeplex\munq\fluenttest\munq.fluenttest2010\munq.fluenttest.unittests\bin\debug\munq.fluenttest.unittests.dll" id="0c174ecc-4fc9-8561-130b-4df8e7d37d2c">
      <Execution id="36d8d7bf-2161-4caf-abbb-505c425fd377" />
      <TestMethod codeBase="C:/codeplex/Munq/FluentTest/Munq.FluentTest2010/Munq.FluentTest.UnitTests/bin/Debug/Munq.FluentTest.UnitTests.DLL" adapterTypeName="Microsoft.VisualStudio.TestTools.TestTypes.Unit.UnitTestAdapter, Microsoft.VisualStudio.QualityTools.Tips.UnitTest.Adapter, Version=10.0.0.0, Culture=neutral, PublicKeyToken=b03f5f7f11d50a3a" className="Munq.FluentTest.UnitTests.IFluentTestStringIsEmptyToTest, Munq.FluentTest.UnitTests, Version=1.0.0.0, Culture=neutral, PublicKeyToken=null" name="StringIsEmptyPassesIfStringIsEmpty" />
    </UnitTest>
    <UnitTest name="MatchesFailsForNullCompareRegEx" storage="c:\codeplex\munq\fluenttest\munq.fluenttest2010\munq.fluenttest.unittests\bin\debug\munq.fluenttest.unittests.dll" id="f4044646-c913-ce8c-3dbd-2659ae55010e">
      <Execution id="a691f71c-2d9d-4817-9695-d4e8fd30bf53" />
      <TestMethod codeBase="C:/codeplex/Munq/FluentTest/Munq.FluentTest2010/Munq.FluentTest.UnitTests/bin/Debug/Munq.FluentTest.UnitTests.DLL" adapterTypeName="Microsoft.VisualStudio.TestTools.TestTypes.Unit.UnitTestAdapter, Microsoft.VisualStudio.QualityTools.Tips.UnitTest.Adapter, Version=10.0.0.0, Culture=neutral, PublicKeyToken=b03f5f7f11d50a3a" className="Munq.FluentTest.UnitTests.IFluentTestStringMatchesTest, Munq.FluentTest.UnitTests, Version=1.0.0.0, Culture=neutral, PublicKeyToken=null" name="MatchesFailsForNullCompareRegEx" />
    </UnitTest>
    <UnitTest name="IsAnInstanceOfTypePassesIfIsAnInstanceOf" storage="c:\codeplex\munq\fluenttest\munq.fluenttest2010\munq.fluenttest.unittests\bin\debug\munq.fluenttest.unittests.dll" id="84a9bef3-40a2-df79-66c3-16a1e94f0208">
      <Execution id="58bf994b-2734-47e1-93af-44cf9a16f494" />
      <TestMethod codeBase="C:/codeplex/Munq/FluentTest/Munq.FluentTest2010/Munq.FluentTest.UnitTests/bin/Debug/Munq.FluentTest.UnitTests.DLL" adapterTypeName="Microsoft.VisualStudio.TestTools.TestTypes.Unit.UnitTestAdapter, Microsoft.VisualStudio.QualityTools.Tips.UnitTest.Adapter, Version=10.0.0.0, Culture=neutral, PublicKeyToken=b03f5f7f11d50a3a" className="Munq.FluentTest.UnitTests.IFluentTestCollectionIsAnInstanceOfTypeTest, Munq.FluentTest.UnitTests, Version=1.0.0.0, Culture=neutral, PublicKeyToken=null" name="IsAnInstanceOfTypePassesIfIsAnInstanceOf" />
    </UnitTest>
    <UnitTest name="IsACollectionFailsForNull" storage="c:\codeplex\munq\fluenttest\munq.fluenttest2010\munq.fluenttest.unittests\bin\debug\munq.fluenttest.unittests.dll" id="f790f12a-1b52-8f6e-792e-c2fa29cd9750">
      <Execution id="cc5d911f-ea18-4eb9-a55b-6bd8e7d258a4" />
      <TestMethod codeBase="C:/codeplex/Munq/FluentTest/Munq.FluentTest2010/Munq.FluentTest.UnitTests/bin/Debug/Munq.FluentTest.UnitTests.DLL" adapterTypeName="Microsoft.VisualStudio.TestTools.TestTypes.Unit.UnitTestAdapter, Microsoft.VisualStudio.QualityTools.Tips.UnitTest.Adapter, Version=10.0.0.0, Culture=neutral, PublicKeyToken=b03f5f7f11d50a3a" className="Munq.FluentTest.UnitTests.IFluentTestObjectIsStringOrCollectionTest, Munq.FluentTest.UnitTests, Version=1.0.0.0, Culture=neutral, PublicKeyToken=null" name="IsACollectionFailsForNull" />
    </UnitTest>
    <UnitTest name="ContainsPassesIfStringUnderTestContainsStringToCompare" storage="c:\codeplex\munq\fluenttest\munq.fluenttest2010\munq.fluenttest.unittests\bin\debug\munq.fluenttest.unittests.dll" id="2c549a1f-f133-0354-8a67-e20431ecd10c">
      <Execution id="4fe17886-3a68-4bbe-82d4-69bb0b9a76b3" />
      <TestMethod codeBase="C:/codeplex/Munq/FluentTest/Munq.FluentTest2010/Munq.FluentTest.UnitTests/bin/Debug/Munq.FluentTest.UnitTests.DLL" adapterTypeName="Microsoft.VisualStudio.TestTools.TestTypes.Unit.UnitTestAdapter, Microsoft.VisualStudio.QualityTools.Tips.UnitTest.Adapter, Version=10.0.0.0, Culture=neutral, PublicKeyToken=b03f5f7f11d50a3a" className="Munq.FluentTest.UnitTests.IFluentTestStringContainsTest, Munq.FluentTest.UnitTests, Version=1.0.0.0, Culture=neutral, PublicKeyToken=null" name="ContainsPassesIfStringUnderTestContainsStringToCompare" />
    </UnitTest>
    <UnitTest name="DoesNotContainFailsIfStringUnderTestContainsStringToCompare" storage="c:\codeplex\munq\fluenttest\munq.fluenttest2010\munq.fluenttest.unittests\bin\debug\munq.fluenttest.unittests.dll" id="dfe19b6b-e295-64e3-e2ca-9e860c624db3">
      <Execution id="7d168805-cfbb-4929-925b-d52e92cf4f6e" />
      <TestMethod codeBase="C:/codeplex/Munq/FluentTest/Munq.FluentTest2010/Munq.FluentTest.UnitTests/bin/Debug/Munq.FluentTest.UnitTests.DLL" adapterTypeName="Microsoft.VisualStudio.TestTools.TestTypes.Unit.UnitTestAdapter, Microsoft.VisualStudio.QualityTools.Tips.UnitTest.Adapter, Version=10.0.0.0, Culture=neutral, PublicKeyToken=b03f5f7f11d50a3a" className="Munq.FluentTest.UnitTests.IFluentTestStringContainsTest, Munq.FluentTest.UnitTests, Version=1.0.0.0, Culture=neutral, PublicKeyToken=null" name="DoesNotContainFailsIfStringUnderTestContainsStringToCompare" />
    </UnitTest>
    <UnitTest name="IsSameCollectionPassesIfSameCollection" storage="c:\codeplex\munq\fluenttest\munq.fluenttest2010\munq.fluenttest.unittests\bin\debug\munq.fluenttest.unittests.dll" id="6ac3788a-a309-e930-2e84-1b9d79af6182">
      <Execution id="8eaa3c07-87f3-41f2-8701-6f7ef474a8d6" />
      <TestMethod codeBase="C:/codeplex/Munq/FluentTest/Munq.FluentTest2010/Munq.FluentTest.UnitTests/bin/Debug/Munq.FluentTest.UnitTests.DLL" adapterTypeName="Microsoft.VisualStudio.TestTools.TestTypes.Unit.UnitTestAdapter, Microsoft.VisualStudio.QualityTools.Tips.UnitTest.Adapter, Version=10.0.0.0, Culture=neutral, PublicKeyToken=b03f5f7f11d50a3a" className="Munq.FluentTest.UnitTests.IFluentTestCollectionIsTheSameCollectionAsTest, Munq.FluentTest.UnitTests, Version=1.0.0.0, Culture=neutral, PublicKeyToken=null" name="IsSameCollectionPassesIfSameCollection" />
    </UnitTest>
    <UnitTest name="IsACollectionPassesForCollection" storage="c:\codeplex\munq\fluenttest\munq.fluenttest2010\munq.fluenttest.unittests\bin\debug\munq.fluenttest.unittests.dll" id="5bb3c498-01e4-9662-2349-d713dd145b3b">
      <Execution id="955613b7-9939-457e-884b-dc74d85e112f" />
      <TestMethod codeBase="C:/codeplex/Munq/FluentTest/Munq.FluentTest2010/Munq.FluentTest.UnitTests/bin/Debug/Munq.FluentTest.UnitTests.DLL" adapterTypeName="Microsoft.VisualStudio.TestTools.TestTypes.Unit.UnitTestAdapter, Microsoft.VisualStudio.QualityTools.Tips.UnitTest.Adapter, Version=10.0.0.0, Culture=neutral, PublicKeyToken=b03f5f7f11d50a3a" className="Munq.FluentTest.UnitTests.IFluentTestObjectIsStringOrCollectionTest, Munq.FluentTest.UnitTests, Version=1.0.0.0, Culture=neutral, PublicKeyToken=null" name="IsACollectionPassesForCollection" />
    </UnitTest>
    <UnitTest name="IsAnInstanceOfTypeFailsIfNull" storage="c:\codeplex\munq\fluenttest\munq.fluenttest2010\munq.fluenttest.unittests\bin\debug\munq.fluenttest.unittests.dll" id="5d180797-014d-3885-9d0c-01d79c47c65a">
      <Execution id="b642483c-7382-4f2e-bbac-c892f60628b9" />
      <TestMethod codeBase="C:/codeplex/Munq/FluentTest/Munq.FluentTest2010/Munq.FluentTest.UnitTests/bin/Debug/Munq.FluentTest.UnitTests.DLL" adapterTypeName="Microsoft.VisualStudio.TestTools.TestTypes.Unit.UnitTestAdapter, Microsoft.VisualStudio.QualityTools.Tips.UnitTest.Adapter, Version=10.0.0.0, Culture=neutral, PublicKeyToken=b03f5f7f11d50a3a" className="Munq.FluentTest.UnitTests.IFluentTestCollectionIsAnInstanceOfTypeTest, Munq.FluentTest.UnitTests, Version=1.0.0.0, Culture=neutral, PublicKeyToken=null" name="IsAnInstanceOfTypeFailsIfNull" />
    </UnitTest>
    <UnitTest name="StringEndsWithPassesIfStringToCompareIsEmpty" storage="c:\codeplex\munq\fluenttest\munq.fluenttest2010\munq.fluenttest.unittests\bin\debug\munq.fluenttest.unittests.dll" id="30e51f7e-f7e3-ed61-41c2-e96c0d534fa4">
      <Execution id="8ba05d39-084a-4d8e-80b4-4ffab4c297b9" />
      <TestMethod codeBase="C:/codeplex/Munq/FluentTest/Munq.FluentTest2010/Munq.FluentTest.UnitTests/bin/Debug/Munq.FluentTest.UnitTests.DLL" adapterTypeName="Microsoft.VisualStudio.TestTools.TestTypes.Unit.UnitTestAdapter, Microsoft.VisualStudio.QualityTools.Tips.UnitTest.Adapter, Version=10.0.0.0, Culture=neutral, PublicKeyToken=b03f5f7f11d50a3a" className="Munq.FluentTest.UnitTests.IFluentTestStringEndsWithTest, Munq.FluentTest.UnitTests, Version=1.0.0.0, Culture=neutral, PublicKeyToken=null" name="StringEndsWithPassesIfStringToCompareIsEmpty" />
    </UnitTest>
    <UnitTest name="IsSameCollectionFailsIfNull" storage="c:\codeplex\munq\fluenttest\munq.fluenttest2010\munq.fluenttest.unittests\bin\debug\munq.fluenttest.unittests.dll" id="be4e646a-1b49-6046-1438-86ee72a455e8">
      <Execution id="7b45d72f-e6f6-459a-9110-6ca22e016252" />
      <TestMethod codeBase="C:/codeplex/Munq/FluentTest/Munq.FluentTest2010/Munq.FluentTest.UnitTests/bin/Debug/Munq.FluentTest.UnitTests.DLL" adapterTypeName="Microsoft.VisualStudio.TestTools.TestTypes.Unit.UnitTestAdapter, Microsoft.VisualStudio.QualityTools.Tips.UnitTest.Adapter, Version=10.0.0.0, Culture=neutral, PublicKeyToken=b03f5f7f11d50a3a" className="Munq.FluentTest.UnitTests.IFluentTestCollectionIsTheSameCollectionAsTest, Munq.FluentTest.UnitTests, Version=1.0.0.0, Culture=neutral, PublicKeyToken=null" name="IsSameCollectionFailsIfNull" />
    </UnitTest>
    <UnitTest name="IsAnInstanceOfTypePassesForSameType" storage="c:\codeplex\munq\fluenttest\munq.fluenttest2010\munq.fluenttest.unittests\bin\debug\munq.fluenttest.unittests.dll" id="e98d3e5f-cfd8-c1c9-3983-85c486c452ab">
      <Execution id="ab458d92-ef3c-429f-b7a4-bf4e83d09ddc" />
      <TestMethod codeBase="C:/codeplex/Munq/FluentTest/Munq.FluentTest2010/Munq.FluentTest.UnitTests/bin/Debug/Munq.FluentTest.UnitTests.DLL" adapterTypeName="Microsoft.VisualStudio.TestTools.TestTypes.Unit.UnitTestAdapter, Microsoft.VisualStudio.QualityTools.Tips.UnitTest.Adapter, Version=10.0.0.0, Culture=neutral, PublicKeyToken=b03f5f7f11d50a3a" className="Munq.FluentTest.UnitTests.IFluentTestObjectIsInstanceOfTest, Munq.FluentTest.UnitTests, Version=1.0.0.0, Culture=neutral, PublicKeyToken=null" name="IsAnInstanceOfTypePassesForSameType" />
    </UnitTest>
    <UnitTest name="AllItemsAreInstancesOfTypeFailsIfSpecifiedTypeIsNullAndAllItemsNotNull" storage="c:\codeplex\munq\fluenttest\munq.fluenttest2010\munq.fluenttest.unittests\bin\debug\munq.fluenttest.unittests.dll" id="088b72a7-c4f5-7b28-9bc8-ffee502536c0">
      <Execution id="f16ad628-8f5f-404d-bc41-26ea2e4d899a" />
      <TestMethod codeBase="C:/codeplex/Munq/FluentTest/Munq.FluentTest2010/Munq.FluentTest.UnitTests/bin/Debug/Munq.FluentTest.UnitTests.DLL" adapterTypeName="Microsoft.VisualStudio.TestTools.TestTypes.Unit.UnitTestAdapter, Microsoft.VisualStudio.QualityTools.Tips.UnitTest.Adapter, Version=10.0.0.0, Culture=neutral, PublicKeyToken=b03f5f7f11d50a3a" className="Munq.FluentTest.UnitTests.IFluentTestCollectionAllItemsAreInstancesOfTypeTest, Munq.FluentTest.UnitTests, Version=1.0.0.0, Culture=neutral, PublicKeyToken=null" name="AllItemsAreInstancesOfTypeFailsIfSpecifiedTypeIsNullAndAllItemsNotNull" />
    </UnitTest>
    <UnitTest name="IsNotEqualToFailsIEqual" storage="c:\codeplex\munq\fluenttest\munq.fluenttest2010\munq.fluenttest.unittests\bin\debug\munq.fluenttest.unittests.dll" id="1dc68f76-790f-99f2-3a30-a1059fffe2fa">
      <Execution id="792a65f1-6efb-4c10-9e18-733a40f764fd" />
      <TestMethod codeBase="C:/codeplex/Munq/FluentTest/Munq.FluentTest2010/Munq.FluentTest.UnitTests/bin/Debug/Munq.FluentTest.UnitTests.DLL" adapterTypeName="Microsoft.VisualStudio.TestTools.TestTypes.Unit.UnitTestAdapter, Microsoft.VisualStudio.QualityTools.Tips.UnitTest.Adapter, Version=10.0.0.0, Culture=neutral, PublicKeyToken=b03f5f7f11d50a3a" className="Munq.FluentTest.UnitTests.IFluentTestCollectionIsEqualToTest, Munq.FluentTest.UnitTests, Version=1.0.0.0, Culture=neutral, PublicKeyToken=null" name="IsNotEqualToFailsIEqual" />
    </UnitTest>
    <UnitTest name="AllItemsAreInstancesOfTypePassedIfAllItemAreOfSpecifiedType" storage="c:\codeplex\munq\fluenttest\munq.fluenttest2010\munq.fluenttest.unittests\bin\debug\munq.fluenttest.unittests.dll" id="e1c40e94-4a52-146f-4925-91a837076a72">
      <Execution id="faa15a97-93c3-4561-8716-e9bb3f222203" />
      <TestMethod codeBase="C:/codeplex/Munq/FluentTest/Munq.FluentTest2010/Munq.FluentTest.UnitTests/bin/Debug/Munq.FluentTest.UnitTests.DLL" adapterTypeName="Microsoft.VisualStudio.TestTools.TestTypes.Unit.UnitTestAdapter, Microsoft.VisualStudio.QualityTools.Tips.UnitTest.Adapter, Version=10.0.0.0, Culture=neutral, PublicKeyToken=b03f5f7f11d50a3a" className="Munq.FluentTest.UnitTests.IFluentTestCollectionAllItemsAreInstancesOfTypeTest, Munq.FluentTest.UnitTests, Version=1.0.0.0, Culture=neutral, PublicKeyToken=null" name="AllItemsAreInstancesOfTypePassedIfAllItemAreOfSpecifiedType" />
    </UnitTest>
    <UnitTest name="IsNotTheSameObjectPassesForNullTestAndNonNullCompareObjects" storage="c:\codeplex\munq\fluenttest\munq.fluenttest2010\munq.fluenttest.unittests\bin\debug\munq.fluenttest.unittests.dll" id="36e46140-6f7e-f3b2-240a-511b19b03a92">
      <Execution id="9f50b31f-0cbd-4a1e-af52-6b735fb14966" />
      <TestMethod codeBase="C:/codeplex/Munq/FluentTest/Munq.FluentTest2010/Munq.FluentTest.UnitTests/bin/Debug/Munq.FluentTest.UnitTests.DLL" adapterTypeName="Microsoft.VisualStudio.TestTools.TestTypes.Unit.UnitTestAdapter, Microsoft.VisualStudio.QualityTools.Tips.UnitTest.Adapter, Version=10.0.0.0, Culture=neutral, PublicKeyToken=b03f5f7f11d50a3a" className="Munq.FluentTest.UnitTests.IFluentTestObjectIsSameAsTest, Munq.FluentTest.UnitTests, Version=1.0.0.0, Culture=neutral, PublicKeyToken=null" name="IsNotTheSameObjectPassesForNullTestAndNonNullCompareObjects" />
    </UnitTest>
    <UnitTest name="StringIsEmptyFailsIfIsNotEmpty" storage="c:\codeplex\munq\fluenttest\munq.fluenttest2010\munq.fluenttest.unittests\bin\debug\munq.fluenttest.unittests.dll" id="51a38580-dad2-b784-5c41-d8fb9569df94">
      <Execution id="cfb0194d-3796-4668-999a-6dd8b9809fb8" />
      <TestMethod codeBase="C:/codeplex/Munq/FluentTest/Munq.FluentTest2010/Munq.FluentTest.UnitTests/bin/Debug/Munq.FluentTest.UnitTests.DLL" adapterTypeName="Microsoft.VisualStudio.TestTools.TestTypes.Unit.UnitTestAdapter, Microsoft.VisualStudio.QualityTools.Tips.UnitTest.Adapter, Version=10.0.0.0, Culture=neutral, PublicKeyToken=b03f5f7f11d50a3a" className="Munq.FluentTest.UnitTests.IFluentTestStringIsEmptyToTest, Munq.FluentTest.UnitTests, Version=1.0.0.0, Culture=neutral, PublicKeyToken=null" name="StringIsEmptyFailsIfIsNotEmpty" />
    </UnitTest>
    <UnitTest name="IsSameCollectionFailsIfDifferent" storage="c:\codeplex\munq\fluenttest\munq.fluenttest2010\munq.fluenttest.unittests\bin\debug\munq.fluenttest.unittests.dll" id="6fe74ff2-ee3a-770a-2a7c-55fa41d17bfd">
      <Execution id="59da69c5-ffdd-441e-a27d-96dc8d7e130c" />
      <TestMethod codeBase="C:/codeplex/Munq/FluentTest/Munq.FluentTest2010/Munq.FluentTest.UnitTests/bin/Debug/Munq.FluentTest.UnitTests.DLL" adapterTypeName="Microsoft.VisualStudio.TestTools.TestTypes.Unit.UnitTestAdapter, Microsoft.VisualStudio.QualityTools.Tips.UnitTest.Adapter, Version=10.0.0.0, Culture=neutral, PublicKeyToken=b03f5f7f11d50a3a" className="Munq.FluentTest.UnitTests.IFluentTestCollectionIsTheSameCollectionAsTest, Munq.FluentTest.UnitTests, Version=1.0.0.0, Culture=neutral, PublicKeyToken=null" name="IsSameCollectionFailsIfDifferent" />
    </UnitTest>
    <UnitTest name="Inconclusive" storage="c:\codeplex\munq\fluenttest\munq.fluenttest2010\munq.fluenttest.unittests\bin\debug\munq.fluenttest.unittests.dll" id="ab582c0d-aebb-1664-247b-08a74ec3ee9c">
      <Execution id="ead69ae1-8dba-4c87-9cef-11363b5a8026" />
      <TestMethod codeBase="C:/codeplex/Munq/FluentTest/Munq.FluentTest2010/Munq.FluentTest.UnitTests/bin/Debug/Munq.FluentTest.UnitTests.DLL" adapterTypeName="Microsoft.VisualStudio.TestTools.TestTypes.Unit.UnitTestAdapter, Microsoft.VisualStudio.QualityTools.Tips.UnitTest.Adapter, Version=10.0.0.0, Culture=neutral, PublicKeyToken=b03f5f7f11d50a3a" className="Munq.FluentTest.UnitTests.IFluentTestCommonTest, Munq.FluentTest.UnitTests, Version=1.0.0.0, Culture=neutral, PublicKeyToken=null" name="Inconclusive" />
    </UnitTest>
    <UnitTest name="IsTruePassesForTrue" storage="c:\codeplex\munq\fluenttest\munq.fluenttest2010\munq.fluenttest.unittests\bin\debug\munq.fluenttest.unittests.dll" id="ff1cc429-afe5-6b8f-11b0-01895445ce43">
      <Execution id="41ad3774-1d49-4ba8-b838-caf4d9bece5d" />
      <TestMethod codeBase="C:/codeplex/Munq/FluentTest/Munq.FluentTest2010/Munq.FluentTest.UnitTests/bin/Debug/Munq.FluentTest.UnitTests.DLL" adapterTypeName="Microsoft.VisualStudio.TestTools.TestTypes.Unit.UnitTestAdapter, Microsoft.VisualStudio.QualityTools.Tips.UnitTest.Adapter, Version=10.0.0.0, Culture=neutral, PublicKeyToken=b03f5f7f11d50a3a" className="Munq.FluentTest.UnitTests.IFluentTestObjectIsTrueOrFalseTest, Munq.FluentTest.UnitTests, Version=1.0.0.0, Culture=neutral, PublicKeyToken=null" name="IsTruePassesForTrue" />
    </UnitTest>
    <UnitTest name="StringEndsWithFailsIfStringToCompareIsNull" storage="c:\codeplex\munq\fluenttest\munq.fluenttest2010\munq.fluenttest.unittests\bin\debug\munq.fluenttest.unittests.dll" id="1584e88c-e31b-f7b2-2619-3466efa67043">
      <Execution id="19c3467a-954a-4484-8bc5-5c7cd001514c" />
      <TestMethod codeBase="C:/codeplex/Munq/FluentTest/Munq.FluentTest2010/Munq.FluentTest.UnitTests/bin/Debug/Munq.FluentTest.UnitTests.DLL" adapterTypeName="Microsoft.VisualStudio.TestTools.TestTypes.Unit.UnitTestAdapter, Microsoft.VisualStudio.QualityTools.Tips.UnitTest.Adapter, Version=10.0.0.0, Culture=neutral, PublicKeyToken=b03f5f7f11d50a3a" className="Munq.FluentTest.UnitTests.IFluentTestStringEndsWithTest, Munq.FluentTest.UnitTests, Version=1.0.0.0, Culture=neutral, PublicKeyToken=null" name="StringEndsWithFailsIfStringToCompareIsNull" />
    </UnitTest>
    <UnitTest name="IsFalseFailsForNonBool" storage="c:\codeplex\munq\fluenttest\munq.fluenttest2010\munq.fluenttest.unittests\bin\debug\munq.fluenttest.unittests.dll" id="6e8fbcbf-2ee3-7d18-502e-6e849b91dfed">
      <Execution id="c38327d6-e8a4-473a-80c0-c7307698c71d" />
      <TestMethod codeBase="C:/codeplex/Munq/FluentTest/Munq.FluentTest2010/Munq.FluentTest.UnitTests/bin/Debug/Munq.FluentTest.UnitTests.DLL" adapterTypeName="Microsoft.VisualStudio.TestTools.TestTypes.Unit.UnitTestAdapter, Microsoft.VisualStudio.QualityTools.Tips.UnitTest.Adapter, Version=10.0.0.0, Culture=neutral, PublicKeyToken=b03f5f7f11d50a3a" className="Munq.FluentTest.UnitTests.IFluentTestObjectIsTrueOrFalseTest, Munq.FluentTest.UnitTests, Version=1.0.0.0, Culture=neutral, PublicKeyToken=null" name="IsFalseFailsForNonBool" />
    </UnitTest>
    <UnitTest name="StringIsNotEmptyPassesIfStringIsNotEmpty" storage="c:\codeplex\munq\fluenttest\munq.fluenttest2010\munq.fluenttest.unittests\bin\debug\munq.fluenttest.unittests.dll" id="10787121-b239-c3f0-43ac-f58a69eb769c">
      <Execution id="38d959ef-3c02-44ce-89ea-7e337b241669" />
      <TestMethod codeBase="C:/codeplex/Munq/FluentTest/Munq.FluentTest2010/Munq.FluentTest.UnitTests/bin/Debug/Munq.FluentTest.UnitTests.DLL" adapterTypeName="Microsoft.VisualStudio.TestTools.TestTypes.Unit.UnitTestAdapter, Microsoft.VisualStudio.QualityTools.Tips.UnitTest.Adapter, Version=10.0.0.0, Culture=neutral, PublicKeyToken=b03f5f7f11d50a3a" className="Munq.FluentTest.UnitTests.IFluentTestStringIsEmptyToTest, Munq.FluentTest.UnitTests, Version=1.0.0.0, Culture=neutral, PublicKeyToken=null" name="StringIsNotEmptyPassesIfStringIsNotEmpty" />
    </UnitTest>
    <UnitTest name="ContainsFailsIfStringUnderTestDoesNotContainStringToCompare" storage="c:\codeplex\munq\fluenttest\munq.fluenttest2010\munq.fluenttest.unittests\bin\debug\munq.fluenttest.unittests.dll" id="de14c886-be14-4af1-2003-d534f6164232">
      <Execution id="46660472-fcb2-44a2-9692-6b366a10a0fa" />
      <TestMethod codeBase="C:/codeplex/Munq/FluentTest/Munq.FluentTest2010/Munq.FluentTest.UnitTests/bin/Debug/Munq.FluentTest.UnitTests.DLL" adapterTypeName="Microsoft.VisualStudio.TestTools.TestTypes.Unit.UnitTestAdapter, Microsoft.VisualStudio.QualityTools.Tips.UnitTest.Adapter, Version=10.0.0.0, Culture=neutral, PublicKeyToken=b03f5f7f11d50a3a" className="Munq.FluentTest.UnitTests.IFluentTestStringContainsTest, Munq.FluentTest.UnitTests, Version=1.0.0.0, Culture=neutral, PublicKeyToken=null" name="ContainsFailsIfStringUnderTestDoesNotContainStringToCompare" />
    </UnitTest>
    <UnitTest name="StringIsNotEqualToPassesIfStringToCompareIsEmpty" storage="c:\codeplex\munq\fluenttest\munq.fluenttest2010\munq.fluenttest.unittests\bin\debug\munq.fluenttest.unittests.dll" id="a36ab6b9-be2d-4c3b-41cc-46bb62d4c502">
      <Execution id="94233963-7eeb-4480-9f7f-21d333517dac" />
      <TestMethod codeBase="C:/codeplex/Munq/FluentTest/Munq.FluentTest2010/Munq.FluentTest.UnitTests/bin/Debug/Munq.FluentTest.UnitTests.DLL" adapterTypeName="Microsoft.VisualStudio.TestTools.TestTypes.Unit.UnitTestAdapter, Microsoft.VisualStudio.QualityTools.Tips.UnitTest.Adapter, Version=10.0.0.0, Culture=neutral, PublicKeyToken=b03f5f7f11d50a3a" className="Munq.FluentTest.UnitTests.IFluentTestStringIsEqualToTest, Munq.FluentTest.UnitTests, Version=1.0.0.0, Culture=neutral, PublicKeyToken=null" name="StringIsNotEqualToPassesIfStringToCompareIsEmpty" />
    </UnitTest>
    <UnitTest name="IsNotSameCollectionPassesIfDifferent" storage="c:\codeplex\munq\fluenttest\munq.fluenttest2010\munq.fluenttest.unittests\bin\debug\munq.fluenttest.unittests.dll" id="e6df5389-0dc8-f658-d9ee-093be56d3e89">
      <Execution id="b37da1ab-de6a-44fe-a11d-a14bbf07245f" />
      <TestMethod codeBase="C:/codeplex/Munq/FluentTest/Munq.FluentTest2010/Munq.FluentTest.UnitTests/bin/Debug/Munq.FluentTest.UnitTests.DLL" adapterTypeName="Microsoft.VisualStudio.TestTools.TestTypes.Unit.UnitTestAdapter, Microsoft.VisualStudio.QualityTools.Tips.UnitTest.Adapter, Version=10.0.0.0, Culture=neutral, PublicKeyToken=b03f5f7f11d50a3a" className="Munq.FluentTest.UnitTests.IFluentTestCollectionIsTheSameCollectionAsTest, Munq.FluentTest.UnitTests, Version=1.0.0.0, Culture=neutral, PublicKeyToken=null" name="IsNotSameCollectionPassesIfDifferent" />
    </UnitTest>
    <UnitTest name="Fail" storage="c:\codeplex\munq\fluenttest\munq.fluenttest2010\munq.fluenttest.unittests\bin\debug\munq.fluenttest.unittests.dll" id="f1a062e9-3b08-e3c0-952b-fc0407372d0e">
      <Execution id="89549c77-91d0-4915-ba00-6fd9f593ce65" />
      <TestMethod codeBase="C:/codeplex/Munq/FluentTest/Munq.FluentTest2010/Munq.FluentTest.UnitTests/bin/Debug/Munq.FluentTest.UnitTests.DLL" adapterTypeName="Microsoft.VisualStudio.TestTools.TestTypes.Unit.UnitTestAdapter, Microsoft.VisualStudio.QualityTools.Tips.UnitTest.Adapter, Version=10.0.0.0, Culture=neutral, PublicKeyToken=b03f5f7f11d50a3a" className="Munq.FluentTest.UnitTests.IFluentTestCommonTest, Munq.FluentTest.UnitTests, Version=1.0.0.0, Culture=neutral, PublicKeyToken=null" name="Fail" />
    </UnitTest>
    <UnitTest name="IsNotEqualPassessForNonNullTestAndNullCompareObjects" storage="c:\codeplex\munq\fluenttest\munq.fluenttest2010\munq.fluenttest.unittests\bin\debug\munq.fluenttest.unittests.dll" id="cfbeb8df-8299-eb0c-266f-42cf08fad8a7">
      <Execution id="5bd4aa28-a9be-4da1-9020-eb292812b5dc" />
      <TestMethod codeBase="C:/codeplex/Munq/FluentTest/Munq.FluentTest2010/Munq.FluentTest.UnitTests/bin/Debug/Munq.FluentTest.UnitTests.DLL" adapterTypeName="Microsoft.VisualStudio.TestTools.TestTypes.Unit.UnitTestAdapter, Microsoft.VisualStudio.QualityTools.Tips.UnitTest.Adapter, Version=10.0.0.0, Culture=neutral, PublicKeyToken=b03f5f7f11d50a3a" className="Munq.FluentTest.UnitTests.IFluentTestObjectIsEqualTest, Munq.FluentTest.UnitTests, Version=1.0.0.0, Culture=neutral, PublicKeyToken=null" name="IsNotEqualPassessForNonNullTestAndNullCompareObjects" />
    </UnitTest>
    <UnitTest name="IsTheSameObjectPassessFroSameNonNullTestAndCompareObjects" storage="c:\codeplex\munq\fluenttest\munq.fluenttest2010\munq.fluenttest.unittests\bin\debug\munq.fluenttest.unittests.dll" id="8435e728-5e5c-5e9a-b303-a235194ffd1a">
      <Execution id="b69631f9-17b3-45ee-98f9-3493030618e7" />
      <TestMethod codeBase="C:/codeplex/Munq/FluentTest/Munq.FluentTest2010/Munq.FluentTest.UnitTests/bin/Debug/Munq.FluentTest.UnitTests.DLL" adapterTypeName="Microsoft.VisualStudio.TestTools.TestTypes.Unit.UnitTestAdapter, Microsoft.VisualStudio.QualityTools.Tips.UnitTest.Adapter, Version=10.0.0.0, Culture=neutral, PublicKeyToken=b03f5f7f11d50a3a" className="Munq.FluentTest.UnitTests.IFluentTestObjectIsSameAsTest, Munq.FluentTest.UnitTests, Version=1.0.0.0, Culture=neutral, PublicKeyToken=null" name="IsTheSameObjectPassessFroSameNonNullTestAndCompareObjects" />
    </UnitTest>
    <UnitTest name="IsEqualToFailsIfDifferentContents" storage="c:\codeplex\munq\fluenttest\munq.fluenttest2010\munq.fluenttest.unittests\bin\debug\munq.fluenttest.unittests.dll" id="39eb5e28-993c-1f1f-a7e8-0983f8dd9d13">
      <Execution id="b1eec977-6a23-4351-8408-74ca5c5e09cb" />
      <TestMethod codeBase="C:/codeplex/Munq/FluentTest/Munq.FluentTest2010/Munq.FluentTest.UnitTests/bin/Debug/Munq.FluentTest.UnitTests.DLL" adapterTypeName="Microsoft.VisualStudio.TestTools.TestTypes.Unit.UnitTestAdapter, Microsoft.VisualStudio.QualityTools.Tips.UnitTest.Adapter, Version=10.0.0.0, Culture=neutral, PublicKeyToken=b03f5f7f11d50a3a" className="Munq.FluentTest.UnitTests.IFluentTestCollectionIsEqualToTest, Munq.FluentTest.UnitTests, Version=1.0.0.0, Culture=neutral, PublicKeyToken=null" name="IsEqualToFailsIfDifferentContents" />
    </UnitTest>
    <UnitTest name="IsNotNullPassesFoNonNull" storage="c:\codeplex\munq\fluenttest\munq.fluenttest2010\munq.fluenttest.unittests\bin\debug\munq.fluenttest.unittests.dll" id="04f8edff-83a1-0231-821e-36a420c4dc3f">
      <Execution id="b88543f3-abe0-452c-a407-b265e16fbdf0" />
      <TestMethod codeBase="C:/codeplex/Munq/FluentTest/Munq.FluentTest2010/Munq.FluentTest.UnitTests/bin/Debug/Munq.FluentTest.UnitTests.DLL" adapterTypeName="Microsoft.VisualStudio.TestTools.TestTypes.Unit.UnitTestAdapter, Microsoft.VisualStudio.QualityTools.Tips.UnitTest.Adapter, Version=10.0.0.0, Culture=neutral, PublicKeyToken=b03f5f7f11d50a3a" className="Munq.FluentTest.UnitTests.IFluentTestObjectIsNotNullTest, Munq.FluentTest.UnitTests, Version=1.0.0.0, Culture=neutral, PublicKeyToken=null" name="IsNotNullPassesFoNonNull" />
    </UnitTest>
    <UnitTest name="IsNotAnInstanceOfTypeFailsForSameType" storage="c:\codeplex\munq\fluenttest\munq.fluenttest2010\munq.fluenttest.unittests\bin\debug\munq.fluenttest.unittests.dll" id="7358bb32-b42a-73a1-a497-df13b2d899e2">
      <Execution id="6c1319f9-2c6a-480f-8d82-9a0822b4313b" />
      <TestMethod codeBase="C:/codeplex/Munq/FluentTest/Munq.FluentTest2010/Munq.FluentTest.UnitTests/bin/Debug/Munq.FluentTest.UnitTests.DLL" adapterTypeName="Microsoft.VisualStudio.TestTools.TestTypes.Unit.UnitTestAdapter, Microsoft.VisualStudio.QualityTools.Tips.UnitTest.Adapter, Version=10.0.0.0, Culture=neutral, PublicKeyToken=b03f5f7f11d50a3a" className="Munq.FluentTest.UnitTests.IFluentTestObjectIsInstanceOfTest, Munq.FluentTest.UnitTests, Version=1.0.0.0, Culture=neutral, PublicKeyToken=null" name="IsNotAnInstanceOfTypeFailsForSameType" />
    </UnitTest>
    <UnitTest name="ContainsPassesIfStringStringToCompareIsEmpty" storage="c:\codeplex\munq\fluenttest\munq.fluenttest2010\munq.fluenttest.unittests\bin\debug\munq.fluenttest.unittests.dll" id="36403979-7aba-40a7-ad9f-0976853526dc">
      <Execution id="b8c27966-da14-4074-8b1c-f88d44527eac" />
      <TestMethod codeBase="C:/codeplex/Munq/FluentTest/Munq.FluentTest2010/Munq.FluentTest.UnitTests/bin/Debug/Munq.FluentTest.UnitTests.DLL" adapterTypeName="Microsoft.VisualStudio.TestTools.TestTypes.Unit.UnitTestAdapter, Microsoft.VisualStudio.QualityTools.Tips.UnitTest.Adapter, Version=10.0.0.0, Culture=neutral, PublicKeyToken=b03f5f7f11d50a3a" className="Munq.FluentTest.UnitTests.IFluentTestStringContainsTest, Munq.FluentTest.UnitTests, Version=1.0.0.0, Culture=neutral, PublicKeyToken=null" name="ContainsPassesIfStringStringToCompareIsEmpty" />
    </UnitTest>
    <UnitTest name="IsFalseFailsForNull" storage="c:\codeplex\munq\fluenttest\munq.fluenttest2010\munq.fluenttest.unittests\bin\debug\munq.fluenttest.unittests.dll" id="699c4aab-7bd6-46b5-0c74-a35a2b109bea">
      <Execution id="bf2f78fc-db29-4a2b-a695-64a23751dcfc" />
      <TestMethod codeBase="C:/codeplex/Munq/FluentTest/Munq.FluentTest2010/Munq.FluentTest.UnitTests/bin/Debug/Munq.FluentTest.UnitTests.DLL" adapterTypeName="Microsoft.VisualStudio.TestTools.TestTypes.Unit.UnitTestAdapter, Microsoft.VisualStudio.QualityTools.Tips.UnitTest.Adapter, Version=10.0.0.0, Culture=neutral, PublicKeyToken=b03f5f7f11d50a3a" className="Munq.FluentTest.UnitTests.IFluentTestObjectIsTrueOrFalseTest, Munq.FluentTest.UnitTests, Version=1.0.0.0, Culture=neutral, PublicKeyToken=null" name="IsFalseFailsForNull" />
    </UnitTest>
    <UnitTest name="ContainsFailsIfStringToCompareIsNull" storage="c:\codeplex\munq\fluenttest\munq.fluenttest2010\munq.fluenttest.unittests\bin\debug\munq.fluenttest.unittests.dll" id="b080b34c-a604-2bc2-e4f6-b4fdae32e2f7">
      <Execution id="7b6cb68c-b3e9-4a15-a483-fc16465e4692" />
      <TestMethod codeBase="C:/codeplex/Munq/FluentTest/Munq.FluentTest2010/Munq.FluentTest.UnitTests/bin/Debug/Munq.FluentTest.UnitTests.DLL" adapterTypeName="Microsoft.VisualStudio.TestTools.TestTypes.Unit.UnitTestAdapter, Microsoft.VisualStudio.QualityTools.Tips.UnitTest.Adapter, Version=10.0.0.0, Culture=neutral, PublicKeyToken=b03f5f7f11d50a3a" className="Munq.FluentTest.UnitTests.IFluentTestStringContainsTest, Munq.FluentTest.UnitTests, Version=1.0.0.0, Culture=neutral, PublicKeyToken=null" name="ContainsFailsIfStringToCompareIsNull" />
    </UnitTest>
    <UnitTest name="IsEqualToFailsIfDifferentLengths" storage="c:\codeplex\munq\fluenttest\munq.fluenttest2010\munq.fluenttest.unittests\bin\debug\munq.fluenttest.unittests.dll" id="80579bac-3102-2836-4386-fa6811259258">
      <Execution id="2deae9c6-3ec1-4f55-acbd-a5be2773b313" />
      <TestMethod codeBase="C:/codeplex/Munq/FluentTest/Munq.FluentTest2010/Munq.FluentTest.UnitTests/bin/Debug/Munq.FluentTest.UnitTests.DLL" adapterTypeName="Microsoft.VisualStudio.TestTools.TestTypes.Unit.UnitTestAdapter, Microsoft.VisualStudio.QualityTools.Tips.UnitTest.Adapter, Version=10.0.0.0, Culture=neutral, PublicKeyToken=b03f5f7f11d50a3a" className="Munq.FluentTest.UnitTests.IFluentTestCollectionIsEqualToTest, Munq.FluentTest.UnitTests, Version=1.0.0.0, Culture=neutral, PublicKeyToken=null" name="IsEqualToFailsIfDifferentLengths" />
    </UnitTest>
    <UnitTest name="IsNotAnInstanceOfTypeFailsIfNull" storage="c:\codeplex\munq\fluenttest\munq.fluenttest2010\munq.fluenttest.unittests\bin\debug\munq.fluenttest.unittests.dll" id="a4019a09-7f20-e2c6-ec89-545dce520c92">
      <Execution id="ffa5e39f-6cc7-4ee0-bb56-38bd92a55980" />
      <TestMethod codeBase="C:/codeplex/Munq/FluentTest/Munq.FluentTest2010/Munq.FluentTest.UnitTests/bin/Debug/Munq.FluentTest.UnitTests.DLL" adapterTypeName="Microsoft.VisualStudio.TestTools.TestTypes.Unit.UnitTestAdapter, Microsoft.VisualStudio.QualityTools.Tips.UnitTest.Adapter, Version=10.0.0.0, Culture=neutral, PublicKeyToken=b03f5f7f11d50a3a" className="Munq.FluentTest.UnitTests.IFluentTestCollectionIsAnInstanceOfTypeTest, Munq.FluentTest.UnitTests, Version=1.0.0.0, Culture=neutral, PublicKeyToken=null" name="IsNotAnInstanceOfTypeFailsIfNull" />
    </UnitTest>
    <UnitTest name="IsAnInstanceOfTypeFailsForNull" storage="c:\codeplex\munq\fluenttest\munq.fluenttest2010\munq.fluenttest.unittests\bin\debug\munq.fluenttest.unittests.dll" id="b8c8a4a2-9cfb-eb95-e132-499d8e32c12e">
      <Execution id="bd0a470c-7e68-4fe2-86b7-d902f8c4c813" />
      <TestMethod codeBase="C:/codeplex/Munq/FluentTest/Munq.FluentTest2010/Munq.FluentTest.UnitTests/bin/Debug/Munq.FluentTest.UnitTests.DLL" adapterTypeName="Microsoft.VisualStudio.TestTools.TestTypes.Unit.UnitTestAdapter, Microsoft.VisualStudio.QualityTools.Tips.UnitTest.Adapter, Version=10.0.0.0, Culture=neutral, PublicKeyToken=b03f5f7f11d50a3a" className="Munq.FluentTest.UnitTests.IFluentTestObjectIsInstanceOfTest, Munq.FluentTest.UnitTests, Version=1.0.0.0, Culture=neutral, PublicKeyToken=null" name="IsAnInstanceOfTypeFailsForNull" />
    </UnitTest>
    <UnitTest name="AllItemsAreInstancesOfTypeFailsIfAnyItemIsNotOfSpecifiedType" storage="c:\codeplex\munq\fluenttest\munq.fluenttest2010\munq.fluenttest.unittests\bin\debug\munq.fluenttest.unittests.dll" id="c5e9b16c-2a8b-9a6b-5901-f9639cb87528">
      <Execution id="2594578f-012e-47d8-abab-c5e77bc8dbd1" />
      <TestMethod codeBase="C:/codeplex/Munq/FluentTest/Munq.FluentTest2010/Munq.FluentTest.UnitTests/bin/Debug/Munq.FluentTest.UnitTests.DLL" adapterTypeName="Microsoft.VisualStudio.TestTools.TestTypes.Unit.UnitTestAdapter, Microsoft.VisualStudio.QualityTools.Tips.UnitTest.Adapter, Version=10.0.0.0, Culture=neutral, PublicKeyToken=b03f5f7f11d50a3a" className="Munq.FluentTest.UnitTests.IFluentTestCollectionAllItemsAreInstancesOfTypeTest, Munq.FluentTest.UnitTests, Version=1.0.0.0, Culture=neutral, PublicKeyToken=null" name="AllItemsAreInstancesOfTypeFailsIfAnyItemIsNotOfSpecifiedType" />
    </UnitTest>
    <UnitTest name="IsEqualToPassesIfEqual" storage="c:\codeplex\munq\fluenttest\munq.fluenttest2010\munq.fluenttest.unittests\bin\debug\munq.fluenttest.unittests.dll" id="86068341-bdc9-d0f7-84ed-14179f58a418">
      <Execution id="b20a1552-71bc-40a5-943b-aa222c451ef7" />
      <TestMethod codeBase="C:/codeplex/Munq/FluentTest/Munq.FluentTest2010/Munq.FluentTest.UnitTests/bin/Debug/Munq.FluentTest.UnitTests.DLL" adapterTypeName="Microsoft.VisualStudio.TestTools.TestTypes.Unit.UnitTestAdapter, Microsoft.VisualStudio.QualityTools.Tips.UnitTest.Adapter, Version=10.0.0.0, Culture=neutral, PublicKeyToken=b03f5f7f11d50a3a" className="Munq.FluentTest.UnitTests.IFluentTestCollectionIsEqualToTest, Munq.FluentTest.UnitTests, Version=1.0.0.0, Culture=neutral, PublicKeyToken=null" name="IsEqualToPassesIfEqual" />
    </UnitTest>
    <UnitTest name="StringStartsWithPassesIfStringToCompareIsEmpty" storage="c:\codeplex\munq\fluenttest\munq.fluenttest2010\munq.fluenttest.unittests\bin\debug\munq.fluenttest.unittests.dll" id="d3482566-c651-53dd-37c6-1ff38a1db169">
      <Execution id="66532b97-4bbe-49b0-b6ad-8344d43655b5" />
      <TestMethod codeBase="C:/codeplex/Munq/FluentTest/Munq.FluentTest2010/Munq.FluentTest.UnitTests/bin/Debug/Munq.FluentTest.UnitTests.DLL" adapterTypeName="Microsoft.VisualStudio.TestTools.TestTypes.Unit.UnitTestAdapter, Microsoft.VisualStudio.QualityTools.Tips.UnitTest.Adapter, Version=10.0.0.0, Culture=neutral, PublicKeyToken=b03f5f7f11d50a3a" className="Munq.FluentTest.UnitTests.IFluentTestStringStartsWithTest, Munq.FluentTest.UnitTests, Version=1.0.0.0, Culture=neutral, PublicKeyToken=null" name="StringStartsWithPassesIfStringToCompareIsEmpty" />
    </UnitTest>
    <UnitTest name="StringStartsWithPassesIfStringStartsWithStringToCompare" storage="c:\codeplex\munq\fluenttest\munq.fluenttest2010\munq.fluenttest.unittests\bin\debug\munq.fluenttest.unittests.dll" id="34c5f54c-038c-10ae-4486-1e8606a0493e">
      <Execution id="ee3c43e1-652e-4930-adc7-e73622172f4d" />
      <TestMethod codeBase="C:/codeplex/Munq/FluentTest/Munq.FluentTest2010/Munq.FluentTest.UnitTests/bin/Debug/Munq.FluentTest.UnitTests.DLL" adapterTypeName="Microsoft.VisualStudio.TestTools.TestTypes.Unit.UnitTestAdapter, Microsoft.VisualStudio.QualityTools.Tips.UnitTest.Adapter, Version=10.0.0.0, Culture=neutral, PublicKeyToken=b03f5f7f11d50a3a" className="Munq.FluentTest.UnitTests.IFluentTestStringStartsWithTest, Munq.FluentTest.UnitTests, Version=1.0.0.0, Culture=neutral, PublicKeyToken=null" name="StringStartsWithPassesIfStringStartsWithStringToCompare" />
    </UnitTest>
    <UnitTest name="IsNotSameCollectionFailsIfSame" storage="c:\codeplex\munq\fluenttest\munq.fluenttest2010\munq.fluenttest.unittests\bin\debug\munq.fluenttest.unittests.dll" id="79df3fcd-6813-d3cc-f65a-38973659582e">
      <Execution id="aff6d124-df9c-479a-9f7a-c955fab84cf6" />
      <TestMethod codeBase="C:/codeplex/Munq/FluentTest/Munq.FluentTest2010/Munq.FluentTest.UnitTests/bin/Debug/Munq.FluentTest.UnitTests.DLL" adapterTypeName="Microsoft.VisualStudio.TestTools.TestTypes.Unit.UnitTestAdapter, Microsoft.VisualStudio.QualityTools.Tips.UnitTest.Adapter, Version=10.0.0.0, Culture=neutral, PublicKeyToken=b03f5f7f11d50a3a" className="Munq.FluentTest.UnitTests.IFluentTestCollectionIsTheSameCollectionAsTest, Munq.FluentTest.UnitTests, Version=1.0.0.0, Culture=neutral, PublicKeyToken=null" name="IsNotSameCollectionFailsIfSame" />
    </UnitTest>
    <UnitTest name="IsFalseFailsForTrue" storage="c:\codeplex\munq\fluenttest\munq.fluenttest2010\munq.fluenttest.unittests\bin\debug\munq.fluenttest.unittests.dll" id="faa97d79-4094-68cb-f184-01091f585a97">
      <Execution id="3189cb29-43fe-4dba-b993-a68260a4d80b" />
      <TestMethod codeBase="C:/codeplex/Munq/FluentTest/Munq.FluentTest2010/Munq.FluentTest.UnitTests/bin/Debug/Munq.FluentTest.UnitTests.DLL" adapterTypeName="Microsoft.VisualStudio.TestTools.TestTypes.Unit.UnitTestAdapter, Microsoft.VisualStudio.QualityTools.Tips.UnitTest.Adapter, Version=10.0.0.0, Culture=neutral, PublicKeyToken=b03f5f7f11d50a3a" className="Munq.FluentTest.UnitTests.IFluentTestObjectIsTrueOrFalseTest, Munq.FluentTest.UnitTests, Version=1.0.0.0, Culture=neutral, PublicKeyToken=null" name="IsFalseFailsForTrue" />
    </UnitTest>
    <UnitTest name="IsNotAnInstanceOfTypeFailsIfDifferentType" storage="c:\codeplex\munq\fluenttest\munq.fluenttest2010\munq.fluenttest.unittests\bin\debug\munq.fluenttest.unittests.dll" id="75666f70-5b6f-954c-65d9-fdd85204cec3">
      <Execution id="e377f993-254c-43ab-a550-17af59a3006b" />
      <TestMethod codeBase="C:/codeplex/Munq/FluentTest/Munq.FluentTest2010/Munq.FluentTest.UnitTests/bin/Debug/Munq.FluentTest.UnitTests.DLL" adapterTypeName="Microsoft.VisualStudio.TestTools.TestTypes.Unit.UnitTestAdapter, Microsoft.VisualStudio.QualityTools.Tips.UnitTest.Adapter, Version=10.0.0.0, Culture=neutral, PublicKeyToken=b03f5f7f11d50a3a" className="Munq.FluentTest.UnitTests.IFluentTestCollectionIsAnInstanceOfTypeTest, Munq.FluentTest.UnitTests, Version=1.0.0.0, Culture=neutral, PublicKeyToken=null" name="IsNotAnInstanceOfTypeFailsIfDifferentType" />
    </UnitTest>
    <UnitTest name="StringIsNotEqualToPassesIfStringIsNotEqualToStringToCompare" storage="c:\codeplex\munq\fluenttest\munq.fluenttest2010\munq.fluenttest.unittests\bin\debug\munq.fluenttest.unittests.dll" id="3a7cf35f-84bf-614a-98ac-b53d9a1e7d31">
      <Execution id="69cb9848-62ae-4535-b96a-4a5f36d611a4" />
      <TestMethod codeBase="C:/codeplex/Munq/FluentTest/Munq.FluentTest2010/Munq.FluentTest.UnitTests/bin/Debug/Munq.FluentTest.UnitTests.DLL" adapterTypeName="Microsoft.VisualStudio.TestTools.TestTypes.Unit.UnitTestAdapter, Microsoft.VisualStudio.QualityTools.Tips.UnitTest.Adapter, Version=10.0.0.0, Culture=neutral, PublicKeyToken=b03f5f7f11d50a3a" className="Munq.FluentTest.UnitTests.IFluentTestStringIsEqualToTest, Munq.FluentTest.UnitTests, Version=1.0.0.0, Culture=neutral, PublicKeyToken=null" name="StringIsNotEqualToPassesIfStringIsNotEqualToStringToCompare" />
    </UnitTest>
    <UnitTest name="DoesNotContainPassesIfStringUnderTestDoesNotContainStringToCompare" storage="c:\codeplex\munq\fluenttest\munq.fluenttest2010\munq.fluenttest.unittests\bin\debug\munq.fluenttest.unittests.dll" id="66391062-df35-3367-6dc7-c5e4175c63a5">
      <Execution id="f5bb5e66-b68f-4d9d-9b5d-a5fb6ee21ebf" />
      <TestMethod codeBase="C:/codeplex/Munq/FluentTest/Munq.FluentTest2010/Munq.FluentTest.UnitTests/bin/Debug/Munq.FluentTest.UnitTests.DLL" adapterTypeName="Microsoft.VisualStudio.TestTools.TestTypes.Unit.UnitTestAdapter, Microsoft.VisualStudio.QualityTools.Tips.UnitTest.Adapter, Version=10.0.0.0, Culture=neutral, PublicKeyToken=b03f5f7f11d50a3a" className="Munq.FluentTest.UnitTests.IFluentTestStringContainsTest, Munq.FluentTest.UnitTests, Version=1.0.0.0, Culture=neutral, PublicKeyToken=null" name="DoesNotContainPassesIfStringUnderTestDoesNotContainStringToCompare" />
    </UnitTest>
    <UnitTest name="IsNotEqualPassesForDifferentTestAndCompareObjects" storage="c:\codeplex\munq\fluenttest\munq.fluenttest2010\munq.fluenttest.unittests\bin\debug\munq.fluenttest.unittests.dll" id="25f6ef46-737a-af76-471a-edd19a5497f5">
      <Execution id="fe970e56-496c-4e05-9246-66e3e7d1f9e1" />
      <TestMethod codeBase="C:/codeplex/Munq/FluentTest/Munq.FluentTest2010/Munq.FluentTest.UnitTests/bin/Debug/Munq.FluentTest.UnitTests.DLL" adapterTypeName="Microsoft.VisualStudio.TestTools.TestTypes.Unit.UnitTestAdapter, Microsoft.VisualStudio.QualityTools.Tips.UnitTest.Adapter, Version=10.0.0.0, Culture=neutral, PublicKeyToken=b03f5f7f11d50a3a" className="Munq.FluentTest.UnitTests.IFluentTestObjectIsEqualTest, Munq.FluentTest.UnitTests, Version=1.0.0.0, Culture=neutral, PublicKeyToken=null" name="IsNotEqualPassesForDifferentTestAndCompareObjects" />
    </UnitTest>
    <UnitTest name="IsNotEqualPassesForNullTestAndNonNullCompareObjects" storage="c:\codeplex\munq\fluenttest\munq.fluenttest2010\munq.fluenttest.unittests\bin\debug\munq.fluenttest.unittests.dll" id="979ced33-f10e-ed40-5f63-644b2293fabc">
      <Execution id="8c064e38-5cc3-429c-b0b1-e7a4b34b539f" />
      <TestMethod codeBase="C:/codeplex/Munq/FluentTest/Munq.FluentTest2010/Munq.FluentTest.UnitTests/bin/Debug/Munq.FluentTest.UnitTests.DLL" adapterTypeName="Microsoft.VisualStudio.TestTools.TestTypes.Unit.UnitTestAdapter, Microsoft.VisualStudio.QualityTools.Tips.UnitTest.Adapter, Version=10.0.0.0, Culture=neutral, PublicKeyToken=b03f5f7f11d50a3a" className="Munq.FluentTest.UnitTests.IFluentTestObjectIsEqualTest, Munq.FluentTest.UnitTests, Version=1.0.0.0, Culture=neutral, PublicKeyToken=null" name="IsNotEqualPassesForNullTestAndNonNullCompareObjects" />
    </UnitTest>
    <UnitTest name="IsACollectionFailsForNotCollection" storage="c:\codeplex\munq\fluenttest\munq.fluenttest2010\munq.fluenttest.unittests\bin\debug\munq.fluenttest.unittests.dll" id="f166dd81-399c-e9a0-153f-69bff11a3964">
      <Execution id="9cf468f8-8db6-4466-9f63-ef3a5423f070" />
      <TestMethod codeBase="C:/codeplex/Munq/FluentTest/Munq.FluentTest2010/Munq.FluentTest.UnitTests/bin/Debug/Munq.FluentTest.UnitTests.DLL" adapterTypeName="Microsoft.VisualStudio.TestTools.TestTypes.Unit.UnitTestAdapter, Microsoft.VisualStudio.QualityTools.Tips.UnitTest.Adapter, Version=10.0.0.0, Culture=neutral, PublicKeyToken=b03f5f7f11d50a3a" className="Munq.FluentTest.UnitTests.IFluentTestObjectIsStringOrCollectionTest, Munq.FluentTest.UnitTests, Version=1.0.0.0, Culture=neutral, PublicKeyToken=null" name="IsACollectionFailsForNotCollection" />
    </UnitTest>
    <UnitTest name="StringDoesNotStartWithPassesIfStringDoesNotStartWithStringToCompare" storage="c:\codeplex\munq\fluenttest\munq.fluenttest2010\munq.fluenttest.unittests\bin\debug\munq.fluenttest.unittests.dll" id="41975a43-3305-c850-d98d-6bc4ffa50f77">
      <Execution id="14f1cd94-1755-4949-89b3-25877444cfce" />
      <TestMethod codeBase="C:/codeplex/Munq/FluentTest/Munq.FluentTest2010/Munq.FluentTest.UnitTests/bin/Debug/Munq.FluentTest.UnitTests.DLL" adapterTypeName="Microsoft.VisualStudio.TestTools.TestTypes.Unit.UnitTestAdapter, Microsoft.VisualStudio.QualityTools.Tips.UnitTest.Adapter, Version=10.0.0.0, Culture=neutral, PublicKeyToken=b03f5f7f11d50a3a" className="Munq.FluentTest.UnitTests.IFluentTestStringStartsWithTest, Munq.FluentTest.UnitTests, Version=1.0.0.0, Culture=neutral, PublicKeyToken=null" name="StringDoesNotStartWithPassesIfStringDoesNotStartWithStringToCompare" />
    </UnitTest>
    <UnitTest name="IsNullPassesForNullObject" storage="c:\codeplex\munq\fluenttest\munq.fluenttest2010\munq.fluenttest.unittests\bin\debug\munq.fluenttest.unittests.dll" id="6c72e054-8c42-1f7b-1774-1d0d86994a03">
      <Execution id="9c771ffc-e3fe-4f62-b9ca-87500e936111" />
      <TestMethod codeBase="C:/codeplex/Munq/FluentTest/Munq.FluentTest2010/Munq.FluentTest.UnitTests/bin/Debug/Munq.FluentTest.UnitTests.DLL" adapterTypeName="Microsoft.VisualStudio.TestTools.TestTypes.Unit.UnitTestAdapter, Microsoft.VisualStudio.QualityTools.Tips.UnitTest.Adapter, Version=10.0.0.0, Culture=neutral, PublicKeyToken=b03f5f7f11d50a3a" className="Munq.FluentTest.UnitTests.IFluentTestCommonTest, Munq.FluentTest.UnitTests, Version=1.0.0.0, Culture=neutral, PublicKeyToken=null" name="IsNullPassesForNullObject" />
    </UnitTest>
    <UnitTest name="StringStartsWithFailsIfStringToCompareIsNull" storage="c:\codeplex\munq\fluenttest\munq.fluenttest2010\munq.fluenttest.unittests\bin\debug\munq.fluenttest.unittests.dll" id="ad89ec0d-bed2-98c0-585f-441531448ccf">
      <Execution id="f2a5742f-f9c5-45aa-b7c3-6ae54fa36b72" />
      <TestMethod codeBase="C:/codeplex/Munq/FluentTest/Munq.FluentTest2010/Munq.FluentTest.UnitTests/bin/Debug/Munq.FluentTest.UnitTests.DLL" adapterTypeName="Microsoft.VisualStudio.TestTools.TestTypes.Unit.UnitTestAdapter, Microsoft.VisualStudio.QualityTools.Tips.UnitTest.Adapter, Version=10.0.0.0, Culture=neutral, PublicKeyToken=b03f5f7f11d50a3a" className="Munq.FluentTest.UnitTests.IFluentTestStringStartsWithTest, Munq.FluentTest.UnitTests, Version=1.0.0.0, Culture=neutral, PublicKeyToken=null" name="StringStartsWithFailsIfStringToCompareIsNull" />
    </UnitTest>
    <UnitTest name="IsNotAnInstanceOfTypePassessForDifferentType" storage="c:\codeplex\munq\fluenttest\munq.fluenttest2010\munq.fluenttest.unittests\bin\debug\munq.fluenttest.unittests.dll" id="e38d70e6-3d9f-a774-6903-f4d916e97af7">
      <Execution id="3797fe6f-0fdc-4299-ba87-913fc2b2e73c" />
      <TestMethod codeBase="C:/codeplex/Munq/FluentTest/Munq.FluentTest2010/Munq.FluentTest.UnitTests/bin/Debug/Munq.FluentTest.UnitTests.DLL" adapterTypeName="Microsoft.VisualStudio.TestTools.TestTypes.Unit.UnitTestAdapter, Microsoft.VisualStudio.QualityTools.Tips.UnitTest.Adapter, Version=10.0.0.0, Culture=neutral, PublicKeyToken=b03f5f7f11d50a3a" className="Munq.FluentTest.UnitTests.IFluentTestObjectIsInstanceOfTest, Munq.FluentTest.UnitTests, Version=1.0.0.0, Culture=neutral, PublicKeyToken=null" name="IsNotAnInstanceOfTypePassessForDifferentType" />
    </UnitTest>
    <UnitTest name="StringDoesNotStartWithFailsIfStringToCompareIsNull" storage="c:\codeplex\munq\fluenttest\munq.fluenttest2010\munq.fluenttest.unittests\bin\debug\munq.fluenttest.unittests.dll" id="509b077d-a6a7-fc02-5bff-7b9cebbbd2b2">
      <Execution id="e4994122-c455-46f4-80b3-0397501312ea" />
      <TestMethod codeBase="C:/codeplex/Munq/FluentTest/Munq.FluentTest2010/Munq.FluentTest.UnitTests/bin/Debug/Munq.FluentTest.UnitTests.DLL" adapterTypeName="Microsoft.VisualStudio.TestTools.TestTypes.Unit.UnitTestAdapter, Microsoft.VisualStudio.QualityTools.Tips.UnitTest.Adapter, Version=10.0.0.0, Culture=neutral, PublicKeyToken=b03f5f7f11d50a3a" className="Munq.FluentTest.UnitTests.IFluentTestStringStartsWithTest, Munq.FluentTest.UnitTests, Version=1.0.0.0, Culture=neutral, PublicKeyToken=null" name="StringDoesNotStartWithFailsIfStringToCompareIsNull" />
    </UnitTest>
    <UnitTest name="StringStartsWithFailsIfDoesNotStartWithString" storage="c:\codeplex\munq\fluenttest\munq.fluenttest2010\munq.fluenttest.unittests\bin\debug\munq.fluenttest.unittests.dll" id="c89ed292-1699-5f98-80c0-cb764471e327">
      <Execution id="7c65490c-8178-4b03-ab9c-cade465e78a0" />
      <TestMethod codeBase="C:/codeplex/Munq/FluentTest/Munq.FluentTest2010/Munq.FluentTest.UnitTests/bin/Debug/Munq.FluentTest.UnitTests.DLL" adapterTypeName="Microsoft.VisualStudio.TestTools.TestTypes.Unit.UnitTestAdapter, Microsoft.VisualStudio.QualityTools.Tips.UnitTest.Adapter, Version=10.0.0.0, Culture=neutral, PublicKeyToken=b03f5f7f11d50a3a" className="Munq.FluentTest.UnitTests.IFluentTestStringStartsWithTest, Munq.FluentTest.UnitTests, Version=1.0.0.0, Culture=neutral, PublicKeyToken=null" name="StringStartsWithFailsIfDoesNotStartWithString" />
    </UnitTest>
    <UnitTest name="StringIsNotEmptyFailsIfIsEmpty" storage="c:\codeplex\munq\fluenttest\munq.fluenttest2010\munq.fluenttest.unittests\bin\debug\munq.fluenttest.unittests.dll" id="4efdda0e-b511-fc18-a55f-1ab289a65a0e">
      <Execution id="744155fc-d298-43c3-9fba-02184d71a412" />
      <TestMethod codeBase="C:/codeplex/Munq/FluentTest/Munq.FluentTest2010/Munq.FluentTest.UnitTests/bin/Debug/Munq.FluentTest.UnitTests.DLL" adapterTypeName="Microsoft.VisualStudio.TestTools.TestTypes.Unit.UnitTestAdapter, Microsoft.VisualStudio.QualityTools.Tips.UnitTest.Adapter, Version=10.0.0.0, Culture=neutral, PublicKeyToken=b03f5f7f11d50a3a" className="Munq.FluentTest.UnitTests.IFluentTestStringIsEmptyToTest, Munq.FluentTest.UnitTests, Version=1.0.0.0, Culture=neutral, PublicKeyToken=null" name="StringIsNotEmptyFailsIfIsEmpty" />
    </UnitTest>
    <UnitTest name="IsEqualToFailsIfCollectionToCompareIsNull" storage="c:\codeplex\munq\fluenttest\munq.fluenttest2010\munq.fluenttest.unittests\bin\debug\munq.fluenttest.unittests.dll" id="c0b8758a-00f8-2e71-22e1-a54c0e34c3eb">
      <Execution id="914b5cbb-93a9-472b-bf7a-60f9a10e8bc8" />
      <TestMethod codeBase="C:/codeplex/Munq/FluentTest/Munq.FluentTest2010/Munq.FluentTest.UnitTests/bin/Debug/Munq.FluentTest.UnitTests.DLL" adapterTypeName="Microsoft.VisualStudio.TestTools.TestTypes.Unit.UnitTestAdapter, Microsoft.VisualStudio.QualityTools.Tips.UnitTest.Adapter, Version=10.0.0.0, Culture=neutral, PublicKeyToken=b03f5f7f11d50a3a" className="Munq.FluentTest.UnitTests.IFluentTestCollectionIsEqualToTest, Munq.FluentTest.UnitTests, Version=1.0.0.0, Culture=neutral, PublicKeyToken=null" name="IsEqualToFailsIfCollectionToCompareIsNull" />
    </UnitTest>
    <UnitTest name="StringDoesNotStartWithFailsIfStringToCompareIsEmpty" storage="c:\codeplex\munq\fluenttest\munq.fluenttest2010\munq.fluenttest.unittests\bin\debug\munq.fluenttest.unittests.dll" id="f2618cd2-1cbb-1d7b-65e5-4b947b9fe0c0">
      <Execution id="636367f7-26f8-4468-a2ee-e8f3f4c67a44" />
      <TestMethod codeBase="C:/codeplex/Munq/FluentTest/Munq.FluentTest2010/Munq.FluentTest.UnitTests/bin/Debug/Munq.FluentTest.UnitTests.DLL" adapterTypeName="Microsoft.VisualStudio.TestTools.TestTypes.Unit.UnitTestAdapter, Microsoft.VisualStudio.QualityTools.Tips.UnitTest.Adapter, Version=10.0.0.0, Culture=neutral, PublicKeyToken=b03f5f7f11d50a3a" className="Munq.FluentTest.UnitTests.IFluentTestStringStartsWithTest, Munq.FluentTest.UnitTests, Version=1.0.0.0, Culture=neutral, PublicKeyToken=null" name="StringDoesNotStartWithFailsIfStringToCompareIsEmpty" />
    </UnitTest>
    <UnitTest name="IsEqualFailsForDifferentTestAndCompareObjects" storage="c:\codeplex\munq\fluenttest\munq.fluenttest2010\munq.fluenttest.unittests\bin\debug\munq.fluenttest.unittests.dll" id="dad984f6-5d2b-46bd-affa-d3af8dc65db1">
      <Execution id="c921e5ba-182f-4be5-818e-005bbea39280" />
      <TestMethod codeBase="C:/codeplex/Munq/FluentTest/Munq.FluentTest2010/Munq.FluentTest.UnitTests/bin/Debug/Munq.FluentTest.UnitTests.DLL" adapterTypeName="Microsoft.VisualStudio.TestTools.TestTypes.Unit.UnitTestAdapter, Microsoft.VisualStudio.QualityTools.Tips.UnitTest.Adapter, Version=10.0.0.0, Culture=neutral, PublicKeyToken=b03f5f7f11d50a3a" className="Munq.FluentTest.UnitTests.IFluentTestObjectIsEqualTest, Munq.FluentTest.UnitTests, Version=1.0.0.0, Culture=neutral, PublicKeyToken=null" name="IsEqualFailsForDifferentTestAndCompareObjects" />
    </UnitTest>
    <UnitTest name="IsTrueFailsForNonBool" storage="c:\codeplex\munq\fluenttest\munq.fluenttest2010\munq.fluenttest.unittests\bin\debug\munq.fluenttest.unittests.dll" id="98037ae4-2d1f-600a-b77b-1d5665246705">
      <Execution id="faa94c52-1b3c-48c3-b59d-77b730c7b150" />
      <TestMethod codeBase="C:/codeplex/Munq/FluentTest/Munq.FluentTest2010/Munq.FluentTest.UnitTests/bin/Debug/Munq.FluentTest.UnitTests.DLL" adapterTypeName="Microsoft.VisualStudio.TestTools.TestTypes.Unit.UnitTestAdapter, Microsoft.VisualStudio.QualityTools.Tips.UnitTest.Adapter, Version=10.0.0.0, Culture=neutral, PublicKeyToken=b03f5f7f11d50a3a" className="Munq.FluentTest.UnitTests.IFluentTestObjectIsTrueOrFalseTest, Munq.FluentTest.UnitTests, Version=1.0.0.0, Culture=neutral, PublicKeyToken=null" name="IsTrueFailsForNonBool" />
    </UnitTest>
    <UnitTest name="IsEqualFailsForNullTestAndNonNullCompareObjects" storage="c:\codeplex\munq\fluenttest\munq.fluenttest2010\munq.fluenttest.unittests\bin\debug\munq.fluenttest.unittests.dll" id="80b8d91d-ea96-12f1-5c16-49583da9652b">
      <Execution id="58e2029f-540c-4cb5-b9e3-dd6aea6a9a7d" />
      <TestMethod codeBase="C:/codeplex/Munq/FluentTest/Munq.FluentTest2010/Munq.FluentTest.UnitTests/bin/Debug/Munq.FluentTest.UnitTests.DLL" adapterTypeName="Microsoft.VisualStudio.TestTools.TestTypes.Unit.UnitTestAdapter, Microsoft.VisualStudio.QualityTools.Tips.UnitTest.Adapter, Version=10.0.0.0, Culture=neutral, PublicKeyToken=b03f5f7f11d50a3a" className="Munq.FluentTest.UnitTests.IFluentTestObjectIsEqualTest, Munq.FluentTest.UnitTests, Version=1.0.0.0, Culture=neutral, PublicKeyToken=null" name="IsEqualFailsForNullTestAndNonNullCompareObjects" />
    </UnitTest>
    <UnitTest name="DoesNotContainPassesIfStringToCompareIsNull" storage="c:\codeplex\munq\fluenttest\munq.fluenttest2010\munq.fluenttest.unittests\bin\debug\munq.fluenttest.unittests.dll" id="fc0063b0-a0fd-143a-60e0-e44267fa1e66">
      <Execution id="52f3716b-6799-46d7-ad31-38785f212b0b" />
      <TestMethod codeBase="C:/codeplex/Munq/FluentTest/Munq.FluentTest2010/Munq.FluentTest.UnitTests/bin/Debug/Munq.FluentTest.UnitTests.DLL" adapterTypeName="Microsoft.VisualStudio.TestTools.TestTypes.Unit.UnitTestAdapter, Microsoft.VisualStudio.QualityTools.Tips.UnitTest.Adapter, Version=10.0.0.0, Culture=neutral, PublicKeyToken=b03f5f7f11d50a3a" className="Munq.FluentTest.UnitTests.IFluentTestStringContainsTest, Munq.FluentTest.UnitTests, Version=1.0.0.0, Culture=neutral, PublicKeyToken=null" name="DoesNotContainPassesIfStringToCompareIsNull" />
    </UnitTest>
    <UnitTest name="IsAnInstanceOfTypeFailsIfDifferentType" storage="c:\codeplex\munq\fluenttest\munq.fluenttest2010\munq.fluenttest.unittests\bin\debug\munq.fluenttest.unittests.dll" id="afdd0ba6-859e-a16c-00d2-0357839e21d8">
      <Execution id="aa13c243-8c18-4ad4-92b8-d27a3fb5324c" />
      <TestMethod codeBase="C:/codeplex/Munq/FluentTest/Munq.FluentTest2010/Munq.FluentTest.UnitTests/bin/Debug/Munq.FluentTest.UnitTests.DLL" adapterTypeName="Microsoft.VisualStudio.TestTools.TestTypes.Unit.UnitTestAdapter, Microsoft.VisualStudio.QualityTools.Tips.UnitTest.Adapter, Version=10.0.0.0, Culture=neutral, PublicKeyToken=b03f5f7f11d50a3a" className="Munq.FluentTest.UnitTests.IFluentTestCollectionIsAnInstanceOfTypeTest, Munq.FluentTest.UnitTests, Version=1.0.0.0, Culture=neutral, PublicKeyToken=null" name="IsAnInstanceOfTypeFailsIfDifferentType" />
    </UnitTest>
    <UnitTest name="IsEqualFailsForNonNullTestAndNullCompareObjects" storage="c:\codeplex\munq\fluenttest\munq.fluenttest2010\munq.fluenttest.unittests\bin\debug\munq.fluenttest.unittests.dll" id="86438a59-a53b-6da8-3b59-69e204b0e6dc">
      <Execution id="9ca5016d-7a3a-4449-ae33-2cc91ca18389" />
      <TestMethod codeBase="C:/codeplex/Munq/FluentTest/Munq.FluentTest2010/Munq.FluentTest.UnitTests/bin/Debug/Munq.FluentTest.UnitTests.DLL" adapterTypeName="Microsoft.VisualStudio.TestTools.TestTypes.Unit.UnitTestAdapter, Microsoft.VisualStudio.QualityTools.Tips.UnitTest.Adapter, Version=10.0.0.0, Culture=neutral, PublicKeyToken=b03f5f7f11d50a3a" className="Munq.FluentTest.UnitTests.IFluentTestObjectIsEqualTest, Munq.FluentTest.UnitTests, Version=1.0.0.0, Culture=neutral, PublicKeyToken=null" name="IsEqualFailsForNonNullTestAndNullCompareObjects" />
    </UnitTest>
    <UnitTest name="DoesNotMatchPassesForNonMatchingRegEx" storage="c:\codeplex\munq\fluenttest\munq.fluenttest2010\munq.fluenttest.unittests\bin\debug\munq.fluenttest.unittests.dll" id="146430f2-3a9b-1a16-46bb-60dc08488dc9">
      <Execution id="3852e755-5036-4ba9-83ec-29900467a22c" />
      <TestMethod codeBase="C:/codeplex/Munq/FluentTest/Munq.FluentTest2010/Munq.FluentTest.UnitTests/bin/Debug/Munq.FluentTest.UnitTests.DLL" adapterTypeName="Microsoft.VisualStudio.TestTools.TestTypes.Unit.UnitTestAdapter, Microsoft.VisualStudio.QualityTools.Tips.UnitTest.Adapter, Version=10.0.0.0, Culture=neutral, PublicKeyToken=b03f5f7f11d50a3a" className="Munq.FluentTest.UnitTests.IFluentTestStringMatchesTest, Munq.FluentTest.UnitTests, Version=1.0.0.0, Culture=neutral, PublicKeyToken=null" name="DoesNotMatchPassesForNonMatchingRegEx" />
    </UnitTest>
    <UnitTest name="StringIsNotEqualToFailsIfStringToCompareIsNull" storage="c:\codeplex\munq\fluenttest\munq.fluenttest2010\munq.fluenttest.unittests\bin\debug\munq.fluenttest.unittests.dll" id="32522b3b-dabd-3ffa-38db-1066765c70dc">
      <Execution id="457dd6cc-7097-428d-9b0c-31a131e99b17" />
      <TestMethod codeBase="C:/codeplex/Munq/FluentTest/Munq.FluentTest2010/Munq.FluentTest.UnitTests/bin/Debug/Munq.FluentTest.UnitTests.DLL" adapterTypeName="Microsoft.VisualStudio.TestTools.TestTypes.Unit.UnitTestAdapter, Microsoft.VisualStudio.QualityTools.Tips.UnitTest.Adapter, Version=10.0.0.0, Culture=neutral, PublicKeyToken=b03f5f7f11d50a3a" className="Munq.FluentTest.UnitTests.IFluentTestStringIsEqualToTest, Munq.FluentTest.UnitTests, Version=1.0.0.0, Culture=neutral, PublicKeyToken=null" name="StringIsNotEqualToFailsIfStringToCompareIsNull" />
    </UnitTest>
    <UnitTest name="IsNotNullFailsForNull" storage="c:\codeplex\munq\fluenttest\munq.fluenttest2010\munq.fluenttest.unittests\bin\debug\munq.fluenttest.unittests.dll" id="39e86774-8a09-ec76-0dac-30a35463ae8b">
      <Execution id="4638da58-0518-40f0-b37e-d5d7eb6129ff" />
      <TestMethod codeBase="C:/codeplex/Munq/FluentTest/Munq.FluentTest2010/Munq.FluentTest.UnitTests/bin/Debug/Munq.FluentTest.UnitTests.DLL" adapterTypeName="Microsoft.VisualStudio.TestTools.TestTypes.Unit.UnitTestAdapter, Microsoft.VisualStudio.QualityTools.Tips.UnitTest.Adapter, Version=10.0.0.0, Culture=neutral, PublicKeyToken=b03f5f7f11d50a3a" className="Munq.FluentTest.UnitTests.IFluentTestObjectIsNotNullTest, Munq.FluentTest.UnitTests, Version=1.0.0.0, Culture=neutral, PublicKeyToken=null" name="IsNotNullFailsForNull" />
    </UnitTest>
    <UnitTest name="IsEqualPassesForEqualTestAndCompareObjects" storage="c:\codeplex\munq\fluenttest\munq.fluenttest2010\munq.fluenttest.unittests\bin\debug\munq.fluenttest.unittests.dll" id="dc0697b7-5c55-b411-f8b9-f13821119ab3">
      <Execution id="2cda1155-d951-48fe-b2a0-1eda0b0a8cbe" />
      <TestMethod codeBase="C:/codeplex/Munq/FluentTest/Munq.FluentTest2010/Munq.FluentTest.UnitTests/bin/Debug/Munq.FluentTest.UnitTests.DLL" adapterTypeName="Microsoft.VisualStudio.TestTools.TestTypes.Unit.UnitTestAdapter, Microsoft.VisualStudio.QualityTools.Tips.UnitTest.Adapter, Version=10.0.0.0, Culture=neutral, PublicKeyToken=b03f5f7f11d50a3a" className="Munq.FluentTest.UnitTests.IFluentTestObjectIsEqualTest, Munq.FluentTest.UnitTests, Version=1.0.0.0, Culture=neutral, PublicKeyToken=null" name="IsEqualPassesForEqualTestAndCompareObjects" />
    </UnitTest>
    <UnitTest name="DoesNotMatchFailsForNullCompareRegEx" storage="c:\codeplex\munq\fluenttest\munq.fluenttest2010\munq.fluenttest.unittests\bin\debug\munq.fluenttest.unittests.dll" id="34da5364-8457-c63c-7e0e-0f53335a9130">
      <Execution id="f325828e-2bce-41cb-af84-90dc09690718" />
      <TestMethod codeBase="C:/codeplex/Munq/FluentTest/Munq.FluentTest2010/Munq.FluentTest.UnitTests/bin/Debug/Munq.FluentTest.UnitTests.DLL" adapterTypeName="Microsoft.VisualStudio.TestTools.TestTypes.Unit.UnitTestAdapter, Microsoft.VisualStudio.QualityTools.Tips.UnitTest.Adapter, Version=10.0.0.0, Culture=neutral, PublicKeyToken=b03f5f7f11d50a3a" className="Munq.FluentTest.UnitTests.IFluentTestStringMatchesTest, Munq.FluentTest.UnitTests, Version=1.0.0.0, Culture=neutral, PublicKeyToken=null" name="DoesNotMatchFailsForNullCompareRegEx" />
    </UnitTest>
    <UnitTest name="IsAStringPassesForString" storage="c:\codeplex\munq\fluenttest\munq.fluenttest2010\munq.fluenttest.unittests\bin\debug\munq.fluenttest.unittests.dll" id="1015d8ee-752d-8ce9-4292-9cf12b1a37cc">
      <Execution id="66628c94-4f6f-482f-83d7-f2fc27065221" />
      <TestMethod codeBase="C:/codeplex/Munq/FluentTest/Munq.FluentTest2010/Munq.FluentTest.UnitTests/bin/Debug/Munq.FluentTest.UnitTests.DLL" adapterTypeName="Microsoft.VisualStudio.TestTools.TestTypes.Unit.UnitTestAdapter, Microsoft.VisualStudio.QualityTools.Tips.UnitTest.Adapter, Version=10.0.0.0, Culture=neutral, PublicKeyToken=b03f5f7f11d50a3a" className="Munq.FluentTest.UnitTests.IFluentTestObjectIsStringOrCollectionTest, Munq.FluentTest.UnitTests, Version=1.0.0.0, Culture=neutral, PublicKeyToken=null" name="IsAStringPassesForString" />
    </UnitTest>
    <UnitTest name="IsAStringFailsForNonString" storage="c:\codeplex\munq\fluenttest\munq.fluenttest2010\munq.fluenttest.unittests\bin\debug\munq.fluenttest.unittests.dll" id="d166c49e-029f-4514-4269-24ad6e5f3074">
      <Execution id="8f5f3d62-50f1-4d0d-99d0-ba21e4f681a1" />
[...]
    </UnitTestResult>
    <UnitTestResult executionId="5131883f-1957-4b98-855e-24911bba0ac9" testId="b166461a-58ca-2c71-35b2-b7200b7a7044" testName="StringDoesNotStartWithFailsIfStartsWithString" computerName="MATTHEW-PC" duration="00:00:00.0238787" startTime="2011-02-12T15:01:05.8462142-05:00" endTime="2011-02-12T15:01:05.8902167-05:00" testType="13cdc9d9-ddb5-4fa4-a97d-d965ccfc6d4b" outcome="Passed" testListId="8c84fa94-04c1-424b-9868-57a2d4851a1d" relativeResultsDirectory="5131883f-1957-4b98-855e-24911bba0ac9">
    </UnitTestResult>
    <UnitTestResult executionId="63341da6-3834-4d61-b45f-44782899f48f" testId="b3f389ae-9508-6883-4c4c-0ad45b9c928d" testName="IsAStringFailsForNull" computerName="MATTHEW-PC" duration="00:00:00.0226939" startTime="2011-02-12T15:01:05.9032175-05:00" endTime="2011-02-12T15:01:05.9422197-05:00" testType="13cdc9d9-ddb5-4fa4-a97d-d965ccfc6d4b" outcome="Passed" testListId="8c84fa94-04c1-424b-9868-57a2d4851a1d" relativeResultsDirectory="63341da6-3834-4d61-b45f-44782899f48f">
    </UnitTestResult>
    <UnitTestResult executionId="bd0a470c-7e68-4fe2-86b7-d902f8c4c813" testId="b8c8a4a2-9cfb-eb95-e132-499d8e32c12e" testName="IsAnInstanceOfTypeFailsForNull" computerName="MATTHEW-PC" duration="00:00:00.0225579" startTime="2011-02-12T15:01:05.9542204-05:00" endTime="2011-02-12T15:01:05.9912225-05:00" testType="13cdc9d9-ddb5-4fa4-a97d-d965ccfc6d4b" outcome="Passed" testListId="8c84fa94-04c1-424b-9868-57a2d4851a1d" relativeResultsDirectory="bd0a470c-7e68-4fe2-86b7-d902f8c4c813">
    </UnitTestResult>
    <UnitTestResult executionId="f920b4fe-e084-45c9-9f4b-d72173919e7d" testId="bb66cc73-998c-9993-1784-eafa6ea54bbf" testName="IsTrueFailsForNull" computerName="MATTHEW-PC" duration="00:00:00.0216480" startTime="2011-02-12T15:01:06.0222243-05:00" endTime="2011-02-12T15:01:06.0582263-05:00" testType="13cdc9d9-ddb5-4fa4-a97d-d965ccfc6d4b" outcome="Passed" testListId="8c84fa94-04c1-424b-9868-57a2d4851a1d" relativeResultsDirectory="f920b4fe-e084-45c9-9f4b-d72173919e7d">
    </UnitTestResult>
    <UnitTestResult executionId="082ec51d-7cda-4629-942c-98605974e787" testId="bc63fd6f-4eb8-b691-cbd2-d08e26cc06b9" testName="IsNullFailsForNonNullObject" computerName="MATTHEW-PC" duration="00:00:00.0216189" startTime="2011-02-12T15:01:06.0712271-05:00" endTime="2011-02-12T15:01:06.1062291-05:00" testType="13cdc9d9-ddb5-4fa4-a97d-d965ccfc6d4b" outcome="Passed" testListId="8c84fa94-04c1-424b-9868-57a2d4851a1d" relativeResultsDirectory="082ec51d-7cda-4629-942c-98605974e787">
    </UnitTestResult>
    <UnitTestResult executionId="7b45d72f-e6f6-459a-9110-6ca22e016252" testId="be4e646a-1b49-6046-1438-86ee72a455e8" testName="IsSameCollectionFailsIfNull" computerName="MATTHEW-PC" duration="00:00:00.0225321" startTime="2011-02-12T15:01:06.1212299-05:00" endTime="2011-02-12T15:01:06.1582320-05:00" testType="13cdc9d9-ddb5-4fa4-a97d-d965ccfc6d4b" outcome="Passed" testListId="8c84fa94-04c1-424b-9868-57a2d4851a1d" relativeResultsDirectory="7b45d72f-e6f6-459a-9110-6ca22e016252">
    </UnitTestResult>
    <UnitTestResult executionId="4c076090-83de-4001-9f46-0ee7eb3fbf13" testId="c030c84a-4186-0341-a56d-f1e475136445" testName="IsNotEqualToFailsIfCollectionToCompareIsNull" computerName="MATTHEW-PC" duration="00:00:00.0225500" startTime="2011-02-12T15:01:06.1732329-05:00" endTime="2011-02-12T15:01:06.2102350-05:00" testType="13cdc9d9-ddb5-4fa4-a97d-d965ccfc6d4b" outcome="Passed" testListId="8c84fa94-04c1-424b-9868-57a2d4851a1d" relativeResultsDirectory="4c076090-83de-4001-9f46-0ee7eb3fbf13">
    </UnitTestResult>
    <UnitTestResult executionId="914b5cbb-93a9-472b-bf7a-60f9a10e8bc8" testId="c0b8758a-00f8-2e71-22e1-a54c0e34c3eb" testName="IsEqualToFailsIfCollectionToCompareIsNull" computerName="MATTHEW-PC" duration="00:00:00.0227555" startTime="2011-02-12T15:01:06.2262359-05:00" endTime="2011-02-12T15:01:06.2642381-05:00" testType="13cdc9d9-ddb5-4fa4-a97d-d965ccfc6d4b" outcome="Passed" testListId="8c84fa94-04c1-424b-9868-57a2d4851a1d" relativeResultsDirectory="914b5cbb-93a9-472b-bf7a-60f9a10e8bc8">
    </UnitTestResult>
    <UnitTestResult executionId="1b7941ab-de43-4a42-b058-fad46580b7a3" testId="c0be272d-cd43-650e-86e0-d84d50bd7643" testName="IsNotTheSameObjectPassesForDifferentTestAndCompareObjects" computerName="MATTHEW-PC" duration="00:00:00.0003085" startTime="2011-02-12T15:01:06.2992401-05:00" endTime="2011-02-12T15:01:06.3232415-05:00" testType="13cdc9d9-ddb5-4fa4-a97d-d965ccfc6d4b" outcome="Passed" testListId="8c84fa94-04c1-424b-9868-57a2d4851a1d" relativeResultsDirectory="1b7941ab-de43-4a42-b058-fad46580b7a3">
    </UnitTestResult>
    <UnitTestResult executionId="2594578f-012e-47d8-abab-c5e77bc8dbd1" testId="c5e9b16c-2a8b-9a6b-5901-f9639cb87528" testName="AllItemsAreInstancesOfTypeFailsIfAnyItemIsNotOfSpecifiedType" computerName="MATTHEW-PC" duration="00:00:00.0483802" startTime="2011-02-12T15:01:06.3432426-05:00" endTime="2011-02-12T15:01:06.4172469-05:00" testType="13cdc9d9-ddb5-4fa4-a97d-d965ccfc6d4b" outcome="Passed" testListId="8c84fa94-04c1-424b-9868-57a2d4851a1d" relativeResultsDirectory="2594578f-012e-47d8-abab-c5e77bc8dbd1">
    </UnitTestResult>
    <UnitTestResult executionId="ae365538-cd3d-438d-90da-4799101fab46" testId="c7f7effa-dc69-0582-2389-c73c9f90c392" testName="IsTrueFailsForFalse" computerName="MATTHEW-PC" duration="00:00:00.0214705" startTime="2011-02-12T15:01:06.4342478-05:00" endTime="2011-02-12T15:01:06.4692498-05:00" testType="13cdc9d9-ddb5-4fa4-a97d-d965ccfc6d4b" outcome="Passed" testListId="8c84fa94-04c1-424b-9868-57a2d4851a1d" relativeResultsDirectory="ae365538-cd3d-438d-90da-4799101fab46">
    </UnitTestResult>
    <UnitTestResult executionId="7c65490c-8178-4b03-ab9c-cade465e78a0" testId="c89ed292-1699-5f98-80c0-cb764471e327" testName="StringStartsWithFailsIfDoesNotStartWithString" computerName="MATTHEW-PC" duration="00:00:00.0227242" startTime="2011-02-12T15:01:06.4822506-05:00" endTime="2011-02-12T15:01:06.5182526-05:00" testType="13cdc9d9-ddb5-4fa4-a97d-d965ccfc6d4b" outcome="Passed" testListId="8c84fa94-04c1-424b-9868-57a2d4851a1d" relativeResultsDirectory="7c65490c-8178-4b03-ab9c-cade465e78a0">
    </UnitTestResult>
    <UnitTestResult executionId="5bd4aa28-a9be-4da1-9020-eb292812b5dc" testId="cfbeb8df-8299-eb0c-266f-42cf08fad8a7" testName="IsNotEqualPassessForNonNullTestAndNullCompareObjects" computerName="MATTHEW-PC" duration="00:00:00.0002833" startTime="2011-02-12T15:01:06.5332535-05:00" endTime="2011-02-12T15:01:06.5502545-05:00" testType="13cdc9d9-ddb5-4fa4-a97d-d965ccfc6d4b" outcome="Passed" testListId="8c84fa94-04c1-424b-9868-57a2d4851a1d" relativeResultsDirectory="5bd4aa28-a9be-4da1-9020-eb292812b5dc">
    </UnitTestResult>
    <UnitTestResult executionId="8f5f3d62-50f1-4d0d-99d0-ba21e4f681a1" testId="d166c49e-029f-4514-4269-24ad6e5f3074" testName="IsAStringFailsForNonString" computerName="MATTHEW-PC" duration="00:00:00.0211866" startTime="2011-02-12T15:01:06.5612551-05:00" endTime="2011-02-12T15:01:06.5962571-05:00" testType="13cdc9d9-ddb5-4fa4-a97d-d965ccfc6d4b" outcome="Passed" testListId="8c84fa94-04c1-424b-9868-57a2d4851a1d" relativeResultsDirectory="8f5f3d62-50f1-4d0d-99d0-ba21e4f681a1">
    </UnitTestResult>
    <UnitTestResult executionId="b1494208-0d69-43c0-9fcf-d0cd0f5cc2cc" testId="d1714117-6982-985c-9a68-a45e0baf80a8" testName="DoesNotMatchFailsForMatchingRegEx" computerName="MATTHEW-PC" duration="00:00:00.0223580" startTime="2011-02-12T15:01:06.6122580-05:00" endTime="2011-02-12T15:01:06.6472600-05:00" testType="13cdc9d9-ddb5-4fa4-a97d-d965ccfc6d4b" outcome="Passed" testListId="8c84fa94-04c1-424b-9868-57a2d4851a1d" relativeResultsDirectory="b1494208-0d69-43c0-9fcf-d0cd0f5cc2cc">
    </UnitTestResult>
    <UnitTestResult executionId="66532b97-4bbe-49b0-b6ad-8344d43655b5" testId="d3482566-c651-53dd-37c6-1ff38a1db169" testName="StringStartsWithPassesIfStringToCompareIsEmpty" computerName="MATTHEW-PC" duration="00:00:00.0002995" startTime="2011-02-12T15:01:06.6592607-05:00" endTime="2011-02-12T15:01:06.6732615-05:00" testType="13cdc9d9-ddb5-4fa4-a97d-d965ccfc6d4b" outcome="Passed" testListId="8c84fa94-04c1-424b-9868-57a2d4851a1d" relativeResultsDirectory="66532b97-4bbe-49b0-b6ad-8344d43655b5">
    </UnitTestResult>
    <UnitTestResult executionId="c921e5ba-182f-4be5-818e-005bbea39280" testId="dad984f6-5d2b-46bd-affa-d3af8dc65db1" testName="IsEqualFailsForDifferentTestAndCompareObjects" computerName="MATTHEW-PC" duration="00:00:00.0222841" startTime="2011-02-12T15:01:06.6892624-05:00" endTime="2011-02-12T15:01:06.7252645-05:00" testType="13cdc9d9-ddb5-4fa4-a97d-d965ccfc6d4b" outcome="Passed" testListId="8c84fa94-04c1-424b-9868-57a2d4851a1d" relativeResultsDirectory="c921e5ba-182f-4be5-818e-005bbea39280">
    </UnitTestResult>
    <UnitTestResult executionId="2cda1155-d951-48fe-b2a0-1eda0b0a8cbe" testId="dc0697b7-5c55-b411-f8b9-f13821119ab3" testName="IsEqualPassesForEqualTestAndCompareObjects" computerName="MATTHEW-PC" duration="00:00:00.0003331" startTime="2011-02-12T15:01:06.7402653-05:00" endTime="2011-02-12T15:01:06.7532661-05:00" testType="13cdc9d9-ddb5-4fa4-a97d-d965ccfc6d4b" outcome="Passed" testListId="8c84fa94-04c1-424b-9868-57a2d4851a1d" relativeResultsDirectory="2cda1155-d951-48fe-b2a0-1eda0b0a8cbe">
    </UnitTestResult>
    <UnitTestResult executionId="35bf857c-7067-4022-bbde-a8320a10cdcc" testId="dc92c4ff-bdc4-d68a-dbd9-3be00efad87e" testName="StringDoesNotEndWithFailsIfStringEndWithStringToCompare" computerName="MATTHEW-PC" duration="00:00:00.0222359" startTime="2011-02-12T15:01:06.7642667-05:00" endTime="2011-02-12T15:01:06.8022689-05:00" testType="13cdc9d9-ddb5-4fa4-a97d-d965ccfc6d4b" outcome="Passed" testListId="8c84fa94-04c1-424b-9868-57a2d4851a1d" relativeResultsDirectory="35bf857c-7067-4022-bbde-a8320a10cdcc">
    </UnitTestResult>
    <UnitTestResult executionId="46660472-fcb2-44a2-9692-6b366a10a0fa" testId="de14c886-be14-4af1-2003-d534f6164232" testName="ContainsFailsIfStringUnderTestDoesNotContainStringToCompare" computerName="MATTHEW-PC" duration="00:00:00.0224028" startTime="2011-02-12T15:01:06.8112694-05:00" endTime="2011-02-12T15:01:06.8482715-05:00" testType="13cdc9d9-ddb5-4fa4-a97d-d965ccfc6d4b" outcome="Passed" testListId="8c84fa94-04c1-424b-9868-57a2d4851a1d" relativeResultsDirectory="46660472-fcb2-44a2-9692-6b366a10a0fa">
    </UnitTestResult>
    <UnitTestResult executionId="7d168805-cfbb-4929-925b-d52e92cf4f6e" testId="dfe19b6b-e295-64e3-e2ca-9e860c624db3" testName="DoesNotContainFailsIfStringUnderTestContainsStringToCompare" computerName="MATTHEW-PC" duration="00:00:00.0227662" startTime="2011-02-12T15:01:06.8612722-05:00" endTime="2011-02-12T15:01:06.8972743-05:00" testType="13cdc9d9-ddb5-4fa4-a97d-d965ccfc6d4b" outcome="Passed" testListId="8c84fa94-04c1-424b-9868-57a2d4851a1d" relativeResultsDirectory="7d168805-cfbb-4929-925b-d52e92cf4f6e">
    </UnitTestResult>
    <UnitTestResult executionId="6aeee550-0171-4431-af55-b13e1524b35a" testId="e0b3eaa1-8679-d784-0a29-5f15327642db" testName="StringDoesNotEndWithFailsIfStringToCompareIsNull" computerName="MATTHEW-PC" duration="00:00:00.0563496" startTime="2011-02-12T15:01:06.9472772-05:00" endTime="2011-02-12T15:01:07.0292819-05:00" testType="13cdc9d9-ddb5-4fa4-a97d-d965ccfc6d4b" outcome="Passed" testListId="8c84fa94-04c1-424b-9868-57a2d4851a1d" relativeResultsDirectory="6aeee550-0171-4431-af55-b13e1524b35a">
    </UnitTestResult>
    <UnitTestResult executionId="faa15a97-93c3-4561-8716-e9bb3f222203" testId="e1c40e94-4a52-146f-4925-91a837076a72" testName="AllItemsAreInstancesOfTypePassedIfAllItemAreOfSpecifiedType" computerName="MATTHEW-PC" duration="00:00:00.0004709" startTime="2011-02-12T15:01:07.0412825-05:00" endTime="2011-02-12T15:01:07.0552833-05:00" testType="13cdc9d9-ddb5-4fa4-a97d-d965ccfc6d4b" outcome="Passed" testListId="8c84fa94-04c1-424b-9868-57a2d4851a1d" relativeResultsDirectory="faa15a97-93c3-4561-8716-e9bb3f222203">
    </UnitTestResult>
    <UnitTestResult executionId="3797fe6f-0fdc-4299-ba87-913fc2b2e73c" testId="e38d70e6-3d9f-a774-6903-f4d916e97af7" testName="IsNotAnInstanceOfTypePassessForDifferentType" computerName="MATTHEW-PC" duration="00:00:00.0003381" startTime="2011-02-12T15:01:07.0742844-05:00" endTime="2011-02-12T15:01:07.0872852-05:00" testType="13cdc9d9-ddb5-4fa4-a97d-d965ccfc6d4b" outcome="Passed" testListId="8c84fa94-04c1-424b-9868-57a2d4851a1d" relativeResultsDirectory="3797fe6f-0fdc-4299-ba87-913fc2b2e73c">
    </UnitTestResult>
    <UnitTestResult executionId="b37da1ab-de6a-44fe-a11d-a14bbf07245f" testId="e6df5389-0dc8-f658-d9ee-093be56d3e89" testName="IsNotSameCollectionPassesIfDifferent" computerName="MATTHEW-PC" duration="00:00:00.0003975" startTime="2011-02-12T15:01:07.0992859-05:00" endTime="2011-02-12T15:01:07.1142867-05:00" testType="13cdc9d9-ddb5-4fa4-a97d-d965ccfc6d4b" outcome="Passed" testListId="8c84fa94-04c1-424b-9868-57a2d4851a1d" relativeResultsDirectory="b37da1ab-de6a-44fe-a11d-a14bbf07245f">
    </UnitTestResult>
    <UnitTestResult executionId="670d89c3-c83b-4f4e-a517-0e46b69562cd" testId="e96b542b-57bd-cdc2-c019-8042dad617ff" testName="IsNotTheSameObjectFailsForSameNonNullTestAndCompareObjects" computerName="MATTHEW-PC" duration="00:00:00.0231043" startTime="2011-02-12T15:01:07.1272875-05:00" endTime="2011-02-12T15:01:07.1642896-05:00" testType="13cdc9d9-ddb5-4fa4-a97d-d965ccfc6d4b" outcome="Passed" testListId="8c84fa94-04c1-424b-9868-57a2d4851a1d" relativeResultsDirectory="670d89c3-c83b-4f4e-a517-0e46b69562cd">
    </UnitTestResult>
    <UnitTestResult executionId="ab458d92-ef3c-429f-b7a4-bf4e83d09ddc" testId="e98d3e5f-cfd8-c1c9-3983-85c486c452ab" testName="IsAnInstanceOfTypePassesForSameType" computerName="MATTHEW-PC" duration="00:00:00.0003376" startTime="2011-02-12T15:01:07.1772903-05:00" endTime="2011-02-12T15:01:07.1912911-05:00" testType="13cdc9d9-ddb5-4fa4-a97d-d965ccfc6d4b" outcome="Passed" testListId="8c84fa94-04c1-424b-9868-57a2d4851a1d" relativeResultsDirectory="ab458d92-ef3c-429f-b7a4-bf4e83d09ddc">
    </UnitTestResult>
    <UnitTestResult executionId="e8d44f58-5ffe-4a4f-a67e-99557b74331a" testId="e9c2e5dd-215c-edaf-9834-158d6b261ebf" testName="AllItemsNotNullFailsIfAnyItemIsNull" computerName="MATTHEW-PC" duration="00:00:00.0229940" startTime="2011-02-12T15:01:07.2042919-05:00" endTime="2011-02-12T15:01:07.2392939-05:00" testType="13cdc9d9-ddb5-4fa4-a97d-d965ccfc6d4b" outcome="Passed" testListId="8c84fa94-04c1-424b-9868-57a2d4851a1d" relativeResultsDirectory="e8d44f58-5ffe-4a4f-a67e-99557b74331a">
    </UnitTestResult>
    <UnitTestResult executionId="9cf468f8-8db6-4466-9f63-ef3a5423f070" testId="f166dd81-399c-e9a0-153f-69bff11a3964" testName="IsACollectionFailsForNotCollection" computerName="MATTHEW-PC" duration="00:00:00.0216720" startTime="2011-02-12T15:01:07.2562948-05:00" endTime="2011-02-12T15:01:07.2912968-05:00" testType="13cdc9d9-ddb5-4fa4-a97d-d965ccfc6d4b" outcome="Passed" testListId="8c84fa94-04c1-424b-9868-57a2d4851a1d" relativeResultsDirectory="9cf468f8-8db6-4466-9f63-ef3a5423f070">
    </UnitTestResult>
    <UnitTestResult executionId="89549c77-91d0-4915-ba00-6fd9f593ce65" testId="f1a062e9-3b08-e3c0-952b-fc0407372d0e" testName="Fail" computerName="MATTHEW-PC" duration="00:00:00.0214190" startTime="2011-02-12T15:01:07.3022975-05:00" endTime="2011-02-12T15:01:07.3372995-05:00" testType="13cdc9d9-ddb5-4fa4-a97d-d965ccfc6d4b" outcome="Passed" testListId="8c84fa94-04c1-424b-9868-57a2d4851a1d" relativeResultsDirectory="89549c77-91d0-4915-ba00-6fd9f593ce65">
    </UnitTestResult>
    <UnitTestResult executionId="636367f7-26f8-4468-a2ee-e8f3f4c67a44" testId="f2618cd2-1cbb-1d7b-65e5-4b947b9fe0c0" testName="StringDoesNotStartWithFailsIfStringToCompareIsEmpty" computerName="MATTHEW-PC" duration="00:00:00.0232449" startTime="2011-02-12T15:01:07.3503002-05:00" endTime="2011-02-12T15:01:07.3873023-05:00" testType="13cdc9d9-ddb5-4fa4-a97d-d965ccfc6d4b" outcome="Passed" testListId="8c84fa94-04c1-424b-9868-57a2d4851a1d" relativeResultsDirectory="636367f7-26f8-4468-a2ee-e8f3f4c67a44">
    </UnitTestResult>
    <UnitTestResult executionId="c4625d3c-7097-465c-bcf4-7bc0cf49f245" testId="f2a82eb7-150d-156d-d938-599bb438c83a" testName="StringEndsWithPassesIfStringEndsWithStringToCompare" computerName="MATTHEW-PC" duration="00:00:00.0003555" startTime="2011-02-12T15:01:07.3993030-05:00" endTime="2011-02-12T15:01:07.4133038-05:00" testType="13cdc9d9-ddb5-4fa4-a97d-d965ccfc6d4b" outcome="Passed" testListId="8c84fa94-04c1-424b-9868-57a2d4851a1d" relativeResultsDirectory="c4625d3c-7097-465c-bcf4-7bc0cf49f245">
    </UnitTestResult>
    <UnitTestResult executionId="a691f71c-2d9d-4817-9695-d4e8fd30bf53" testId="f4044646-c913-ce8c-3dbd-2659ae55010e" testName="MatchesFailsForNullCompareRegEx" computerName="MATTHEW-PC" duration="00:00:00.0212851" startTime="2011-02-12T15:01:07.4293047-05:00" endTime="2011-02-12T15:01:07.4643067-05:00" testType="13cdc9d9-ddb5-4fa4-a97d-d965ccfc6d4b" outcome="Passed" testListId="8c84fa94-04c1-424b-9868-57a2d4851a1d" relativeResultsDirectory="a691f71c-2d9d-4817-9695-d4e8fd30bf53">
    </UnitTestResult>
    <UnitTestResult executionId="cc5d911f-ea18-4eb9-a55b-6bd8e7d258a4" testId="f790f12a-1b52-8f6e-792e-c2fa29cd9750" testName="IsACollectionFailsForNull" computerName="MATTHEW-PC" duration="00:00:00.0227701" startTime="2011-02-12T15:01:07.4783075-05:00" endTime="2011-02-12T15:01:07.5153097-05:00" testType="13cdc9d9-ddb5-4fa4-a97d-d965ccfc6d4b" outcome="Passed" testListId="8c84fa94-04c1-424b-9868-57a2d4851a1d" relativeResultsDirectory="cc5d911f-ea18-4eb9-a55b-6bd8e7d258a4">
    </UnitTestResult>
    <UnitTestResult executionId="3189cb29-43fe-4dba-b993-a68260a4d80b" testId="faa97d79-4094-68cb-f184-01091f585a97" testName="IsFalseFailsForTrue" computerName="MATTHEW-PC" duration="00:00:00.0217661" startTime="2011-02-12T15:01:07.5293105-05:00" endTime="2011-02-12T15:01:07.5663126-05:00" testType="13cdc9d9-ddb5-4fa4-a97d-d965ccfc6d4b" outcome="Passed" testListId="8c84fa94-04c1-424b-9868-57a2d4851a1d" relativeResultsDirectory="3189cb29-43fe-4dba-b993-a68260a4d80b">
    </UnitTestResult>
    <UnitTestResult executionId="52f3716b-6799-46d7-ad31-38785f212b0b" testId="fc0063b0-a0fd-143a-60e0-e44267fa1e66" testName="DoesNotContainPassesIfStringToCompareIsNull" computerName="MATTHEW-PC" duration="00:00:00.0222611" startTime="2011-02-12T15:01:07.5793133-05:00" endTime="2011-02-12T15:01:07.6163154-05:00" testType="13cdc9d9-ddb5-4fa4-a97d-d965ccfc6d4b" outcome="Passed" testListId="8c84fa94-04c1-424b-9868-57a2d4851a1d" relativeResultsDirectory="52f3716b-6799-46d7-ad31-38785f212b0b">
    </UnitTestResult>
    <UnitTestResult executionId="b7615395-b815-4272-8123-fee4b32df75a" testId="fc8de784-e2f9-ece1-ef5a-5655411d1e23" testName="StringIsNotEqualToFailsIfDoesIsEqualTotring" computerName="MATTHEW-PC" duration="00:00:00.0224016" startTime="2011-02-12T15:01:07.6283161-05:00" endTime="2011-02-12T15:01:07.6643182-05:00" testType="13cdc9d9-ddb5-4fa4-a97d-d965ccfc6d4b" outcome="Passed" testListId="8c84fa94-04c1-424b-9868-57a2d4851a1d" relativeResultsDirectory="b7615395-b815-4272-8123-fee4b32df75a">
    </UnitTestResult>
    <UnitTestResult executionId="41ad3774-1d49-4ba8-b838-caf4d9bece5d" testId="ff1cc429-afe5-6b8f-11b0-01895445ce43" testName="IsTruePassesForTrue" computerName="MATTHEW-PC" duration="00:00:00.0002978" startTime="2011-02-12T15:01:07.6793190-05:00" endTime="2011-02-12T15:01:07.6943199-05:00" testType="13cdc9d9-ddb5-4fa4-a97d-d965ccfc6d4b" outcome="Passed" testListId="8c84fa94-04c1-424b-9868-57a2d4851a1d" relativeResultsDirectory="41ad3774-1d49-4ba8-b838-caf4d9bece5d">
    </UnitTestResult>
  </Results>
</TestRun>